<?xml version="1.0" encoding="UTF-8"?>
<coverage generated="1738962011214" clover="3.2.0">
  <project timestamp="1738962011214" name="All files">
    <metrics statements="55" coveredstatements="46" conditionals="27" coveredconditionals="17" methods="7" coveredmethods="6" elements="89" coveredelements="69" complexity="0" loc="55" ncloc="55" packages="2" files="2" classes="2"/>
    <package name="models">
      <metrics statements="5" coveredstatements="5" conditionals="4" coveredconditionals="2" methods="0" coveredmethods="0"/>
      <file name="therapist.js" path="C:\Users\raluf\Documents\Programming\react\chiryo\server\models\therapist.js">
        <metrics statements="5" coveredstatements="5" conditionals="4" coveredconditionals="2" methods="0" coveredmethods="0"/>
        <line num="1" count="1" type="stmt"/>
        <line num="3" count="1" type="stmt"/>
        <line num="5" count="1" type="stmt"/>
        <line num="66" count="1" type="stmt"/>
        <line num="68" count="1" type="stmt"/>
      </file>
    </package>
    <package name="utils">
      <metrics statements="50" coveredstatements="41" conditionals="23" coveredconditionals="15" methods="7" coveredmethods="6"/>
      <file name="matchingAlgo.js" path="C:\Users\raluf\Documents\Programming\react\chiryo\server\utils\matchingAlgo.js">
        <metrics statements="50" coveredstatements="41" conditionals="23" coveredconditionals="15" methods="7" coveredmethods="6"/>
        <line num="1" count="1" type="stmt"/>
        <line num="2" count="1" type="stmt"/>
        <line num="12" count="5" type="stmt"/>
        <line num="13" count="5" type="stmt"/>
        <line num="14" count="5" type="stmt"/>
        <line num="16" count="5" type="stmt"/>
        <line num="17" count="19" type="stmt"/>
        <line num="18" count="19" type="stmt"/>
        <line num="20" count="19" type="cond" truecount="4" falsecount="0"/>
        <line num="22" count="5" type="stmt"/>
        <line num="23" count="5" type="stmt"/>
        <line num="24" count="5" type="stmt"/>
        <line num="25" count="5" type="stmt"/>
        <line num="26" count="14" type="cond" truecount="4" falsecount="0"/>
        <line num="28" count="13" type="stmt"/>
        <line num="29" count="13" type="stmt"/>
        <line num="33" count="19" type="stmt"/>
        <line num="36" count="5" type="cond" truecount="1" falsecount="1"/>
        <line num="46" count="2" type="stmt"/>
        <line num="47" count="2" type="stmt"/>
        <line num="49" count="2" type="cond" truecount="1" falsecount="1"/>
        <line num="50" count="0" type="stmt"/>
        <line num="53" count="2" type="stmt"/>
        <line num="54" count="4" type="cond" truecount="1" falsecount="1"/>
        <line num="55" count="0" type="stmt"/>
        <line num="57" count="4" type="cond" truecount="2" falsecount="2"/>
        <line num="58" count="0" type="cond" truecount="0" falsecount="2"/>
        <line num="59" count="0" type="stmt"/>
        <line num="61" count="4" type="cond" truecount="2" falsecount="0"/>
        <line num="62" count="1" type="stmt"/>
        <line num="66" count="1" type="stmt"/>
        <line num="69" count="1" type="stmt"/>
        <line num="70" count="0" type="stmt"/>
        <line num="71" count="0" type="stmt"/>
        <line num="72" count="0" type="stmt"/>
        <line num="74" count="0" type="stmt"/>
        <line num="75" count="0" type="stmt"/>
        <line num="96" count="3" type="stmt"/>
        <line num="97" count="3" type="stmt"/>
        <line num="105" count="3" type="stmt"/>
        <line num="117" count="3" type="stmt"/>
        <line num="121" count="3" type="stmt"/>
        <line num="122" count="4" type="stmt"/>
        <line num="123" count="4" type="stmt"/>
        <line num="148" count="3" type="stmt"/>
        <line num="149" count="2" type="stmt"/>
        <line num="152" count="4" type="stmt"/>
        <line num="154" count="3" type="stmt"/>
        <line num="159" count="3" type="stmt"/>
        <line num="162" count="1" type="stmt"/>
      </file>
    </package>
  </project>
</coverage>
