{"C:\\Users\\raluf\\Documents\\Programming\\react\\chiryo\\server\\models\\therapist.js": {"path":"C:\\Users\\raluf\\Documents\\Programming\\react\\chiryo\\server\\models\\therapist.js","statementMap":{"0":{"start":{"line":1,"column":17},"end":{"line":1,"column":36}},"1":{"start":{"line":3,"column":15},"end":{"line":3,"column":30}},"2":{"start":{"line":5,"column":24},"end":{"line":64,"column":1}},"3":{"start":{"line":66,"column":18},"end":{"line":66,"column":62}},"4":{"start":{"line":68,"column":0},"end":{"line":68,"column":27}}},"fnMap":{},"branchMap":{"0":{"loc":{"start":{"line":17,"column":16},"end":{"line":17,"column":48}},"type":"cond-expr","locations":[{"start":{"line":17,"column":36},"end":{"line":17,"column":40}},{"start":{"line":17,"column":43},"end":{"line":17,"column":48}}],"line":17},"1":{"loc":{"start":{"line":21,"column":16},"end":{"line":21,"column":42}},"type":"cond-expr","locations":[{"start":{"line":21,"column":30},"end":{"line":21,"column":34}},{"start":{"line":21,"column":37},"end":{"line":21,"column":42}}],"line":21}},"s":{"0":1,"1":1,"2":1,"3":1,"4":1},"f":{},"b":{"0":[1,0],"1":[1,0]},"_coverageSchema":"1a1c01bbd47fc00a2c39e90264f33305004495a9","hash":"ad927a28bedb5dcd8c93a045f9d284cafd772423"}
,"C:\\Users\\raluf\\Documents\\Programming\\react\\chiryo\\server\\utils\\matchingAlgo.js": {"path":"C:\\Users\\raluf\\Documents\\Programming\\react\\chiryo\\server\\utils\\matchingAlgo.js","statementMap":{"0":{"start":{"line":1,"column":25},"end":{"line":1,"column":53}},"1":{"start":{"line":2,"column":18},"end":{"line":2,"column":48}},"2":{"start":{"line":12,"column":15},"end":{"line":12,"column":35}},"3":{"start":{"line":13,"column":19},"end":{"line":13,"column":20}},"4":{"start":{"line":14,"column":14},"end":{"line":14,"column":15}},"5":{"start":{"line":16,"column":2},"end":{"line":34,"column":5}},"6":{"start":{"line":17,"column":19},"end":{"line":17,"column":31}},"7":{"start":{"line":18,"column":19},"end":{"line":18,"column":31}},"8":{"start":{"line":20,"column":4},"end":{"line":32,"column":5}},"9":{"start":{"line":22,"column":18},"end":{"line":22,"column":42}},"10":{"start":{"line":23,"column":18},"end":{"line":23,"column":42}},"11":{"start":{"line":24,"column":20},"end":{"line":24,"column":49}},"12":{"start":{"line":25,"column":6},"end":{"line":25,"column":26}},"13":{"start":{"line":26,"column":11},"end":{"line":32,"column":5}},"14":{"start":{"line":28,"column":20},"end":{"line":28,"column":78}},"15":{"start":{"line":29,"column":6},"end":{"line":29,"column":26}},"16":{"start":{"line":33,"column":4},"end":{"line":33,"column":12}},"17":{"start":{"line":36,"column":2},"end":{"line":36,"column":44}},"18":{"start":{"line":46,"column":16},"end":{"line":46,"column":36}},"19":{"start":{"line":47,"column":16},"end":{"line":47,"column":36}},"20":{"start":{"line":49,"column":2},"end":{"line":51,"column":3}},"21":{"start":{"line":50,"column":4},"end":{"line":50,"column":17}},"22":{"start":{"line":53,"column":2},"end":{"line":64,"column":3}},"23":{"start":{"line":54,"column":4},"end":{"line":56,"column":5}},"24":{"start":{"line":55,"column":6},"end":{"line":55,"column":19}},"25":{"start":{"line":57,"column":4},"end":{"line":63,"column":5}},"26":{"start":{"line":58,"column":6},"end":{"line":60,"column":7}},"27":{"start":{"line":59,"column":8},"end":{"line":59,"column":21}},"28":{"start":{"line":61,"column":11},"end":{"line":63,"column":5}},"29":{"start":{"line":62,"column":6},"end":{"line":62,"column":19}},"30":{"start":{"line":66,"column":2},"end":{"line":66,"column":14}},"31":{"start":{"line":69,"column":28},"end":{"line":77,"column":1}},"32":{"start":{"line":70,"column":2},"end":{"line":76,"column":3}},"33":{"start":{"line":71,"column":23},"end":{"line":71,"column":47}},"34":{"start":{"line":72,"column":4},"end":{"line":72,"column":22}},"35":{"start":{"line":74,"column":4},"end":{"line":74,"column":57}},"36":{"start":{"line":75,"column":4},"end":{"line":75,"column":50}},"37":{"start":{"line":96,"column":28},"end":{"line":96,"column":30}},"38":{"start":{"line":97,"column":32},"end":{"line":102,"column":3}},"39":{"start":{"line":105,"column":15},"end":{"line":110,"column":3}},"40":{"start":{"line":117,"column":25},"end":{"line":117,"column":48}},"41":{"start":{"line":121,"column":2},"end":{"line":127,"column":3}},"42":{"start":{"line":122,"column":27},"end":{"line":122,"column":64}},"43":{"start":{"line":123,"column":4},"end":{"line":126,"column":7}},"44":{"start":{"line":148,"column":21},"end":{"line":150,"column":16}},"45":{"start":{"line":149,"column":20},"end":{"line":149,"column":63}},"46":{"start":{"line":152,"column":34},"end":{"line":152,"column":68}},"47":{"start":{"line":152,"column":56},"end":{"line":152,"column":67}},"48":{"start":{"line":154,"column":17},"end":{"line":157,"column":3}},"49":{"start":{"line":159,"column":2},"end":{"line":159,"column":16}},"50":{"start":{"line":162,"column":0},"end":{"line":167,"column":2}}},"fnMap":{"0":{"name":"calculateCorrelation","decl":{"start":{"line":11,"column":9},"end":{"line":11,"column":29}},"loc":{"start":{"line":11,"column":48},"end":{"line":37,"column":1}},"line":11},"1":{"name":"(anonymous_1)","decl":{"start":{"line":16,"column":15},"end":{"line":16,"column":16}},"loc":{"start":{"line":16,"column":24},"end":{"line":34,"column":3}},"line":16},"2":{"name":"assertObject","decl":{"start":{"line":45,"column":9},"end":{"line":45,"column":21}},"loc":{"start":{"line":45,"column":40},"end":{"line":67,"column":1}},"line":45},"3":{"name":"(anonymous_3)","decl":{"start":{"line":69,"column":28},"end":{"line":69,"column":29}},"loc":{"start":{"line":69,"column":40},"end":{"line":77,"column":1}},"line":69},"4":{"name":"matchObject","decl":{"start":{"line":95,"column":15},"end":{"line":95,"column":26}},"loc":{"start":{"line":95,"column":76},"end":{"line":160,"column":1}},"line":95},"5":{"name":"(anonymous_5)","decl":{"start":{"line":149,"column":10},"end":{"line":149,"column":11}},"loc":{"start":{"line":149,"column":20},"end":{"line":149,"column":63}},"line":149},"6":{"name":"(anonymous_6)","decl":{"start":{"line":152,"column":49},"end":{"line":152,"column":50}},"loc":{"start":{"line":152,"column":56},"end":{"line":152,"column":67}},"line":152}},"branchMap":{"0":{"loc":{"start":{"line":20,"column":4},"end":{"line":32,"column":5}},"type":"if","locations":[{"start":{"line":20,"column":4},"end":{"line":32,"column":5}},{"start":{"line":26,"column":11},"end":{"line":32,"column":5}}],"line":20},"1":{"loc":{"start":{"line":20,"column":8},"end":{"line":20,"column":64}},"type":"binary-expr","locations":[{"start":{"line":20,"column":8},"end":{"line":20,"column":34}},{"start":{"line":20,"column":38},"end":{"line":20,"column":64}}],"line":20},"2":{"loc":{"start":{"line":26,"column":11},"end":{"line":32,"column":5}},"type":"if","locations":[{"start":{"line":26,"column":11},"end":{"line":32,"column":5}},{"start":{"line":30,"column":11},"end":{"line":32,"column":5}}],"line":26},"3":{"loc":{"start":{"line":26,"column":15},"end":{"line":26,"column":71}},"type":"binary-expr","locations":[{"start":{"line":26,"column":15},"end":{"line":26,"column":41}},{"start":{"line":26,"column":45},"end":{"line":26,"column":71}}],"line":26},"4":{"loc":{"start":{"line":36,"column":9},"end":{"line":36,"column":43}},"type":"cond-expr","locations":[{"start":{"line":36,"column":21},"end":{"line":36,"column":39}},{"start":{"line":36,"column":42},"end":{"line":36,"column":43}}],"line":36},"5":{"loc":{"start":{"line":49,"column":2},"end":{"line":51,"column":3}},"type":"if","locations":[{"start":{"line":49,"column":2},"end":{"line":51,"column":3}},{"start":{},"end":{}}],"line":49},"6":{"loc":{"start":{"line":54,"column":4},"end":{"line":56,"column":5}},"type":"if","locations":[{"start":{"line":54,"column":4},"end":{"line":56,"column":5}},{"start":{},"end":{}}],"line":54},"7":{"loc":{"start":{"line":57,"column":4},"end":{"line":63,"column":5}},"type":"if","locations":[{"start":{"line":57,"column":4},"end":{"line":63,"column":5}},{"start":{"line":61,"column":11},"end":{"line":63,"column":5}}],"line":57},"8":{"loc":{"start":{"line":57,"column":8},"end":{"line":57,"column":76}},"type":"binary-expr","locations":[{"start":{"line":57,"column":8},"end":{"line":57,"column":40}},{"start":{"line":57,"column":44},"end":{"line":57,"column":76}}],"line":57},"9":{"loc":{"start":{"line":58,"column":6},"end":{"line":60,"column":7}},"type":"if","locations":[{"start":{"line":58,"column":6},"end":{"line":60,"column":7}},{"start":{},"end":{}}],"line":58},"10":{"loc":{"start":{"line":61,"column":11},"end":{"line":63,"column":5}},"type":"if","locations":[{"start":{"line":61,"column":11},"end":{"line":63,"column":5}},{"start":{},"end":{}}],"line":61},"11":{"loc":{"start":{"line":95,"column":37},"end":{"line":95,"column":74}},"type":"default-arg","locations":[{"start":{"line":95,"column":55},"end":{"line":95,"column":74}}],"line":95}},"s":{"0":1,"1":1,"2":5,"3":5,"4":5,"5":5,"6":19,"7":19,"8":19,"9":5,"10":5,"11":5,"12":5,"13":14,"14":13,"15":13,"16":19,"17":5,"18":2,"19":2,"20":2,"21":0,"22":2,"23":4,"24":0,"25":4,"26":0,"27":0,"28":4,"29":1,"30":1,"31":1,"32":0,"33":0,"34":0,"35":0,"36":0,"37":3,"38":3,"39":3,"40":3,"41":3,"42":4,"43":4,"44":3,"45":2,"46":3,"47":4,"48":3,"49":3,"50":1},"f":{"0":5,"1":19,"2":2,"3":0,"4":3,"5":2,"6":4},"b":{"0":[5,14],"1":[19,5],"2":[13,1],"3":[14,14],"4":[5,0],"5":[0,2],"6":[0,4],"7":[0,4],"8":[4,0],"9":[0,0],"10":[1,3],"11":[0]},"_coverageSchema":"1a1c01bbd47fc00a2c39e90264f33305004495a9","hash":"8cb0ed2f9a8081ee08d2774aa37c9fe1a8e7fdac"}
}
