{"C:\\Users\\raluf\\Documents\\Programming\\react\\chiryo\\server\\index.js": {"path":"C:\\Users\\raluf\\Documents\\Programming\\react\\chiryo\\server\\index.js","statementMap":{"0":{"start":{"line":1,"column":16},"end":{"line":1,"column":34}},"1":{"start":{"line":2,"column":17},"end":{"line":2,"column":36}},"2":{"start":{"line":3,"column":19},"end":{"line":3,"column":41}},"3":{"start":{"line":4,"column":13},"end":{"line":4,"column":28}},"4":{"start":{"line":5,"column":0},"end":{"line":5,"column":27}},"5":{"start":{"line":7,"column":12},"end":{"line":7,"column":21}},"6":{"start":{"line":8,"column":13},"end":{"line":8,"column":37}},"7":{"start":{"line":9,"column":38},"end":{"line":9,"column":66}},"8":{"start":{"line":12,"column":20},"end":{"line":12,"column":45}},"9":{"start":{"line":13,"column":27},"end":{"line":13,"column":52}},"10":{"start":{"line":14,"column":19},"end":{"line":14,"column":43}},"11":{"start":{"line":15,"column":20},"end":{"line":15,"column":48}},"12":{"start":{"line":16,"column":24},"end":{"line":16,"column":53}},"13":{"start":{"line":19,"column":0},"end":{"line":19,"column":16}},"14":{"start":{"line":20,"column":0},"end":{"line":20,"column":52}},"15":{"start":{"line":21,"column":0},"end":{"line":21,"column":27}},"16":{"start":{"line":24,"column":0},"end":{"line":27,"column":3}},"17":{"start":{"line":25,"column":2},"end":{"line":25,"column":32}},"18":{"start":{"line":26,"column":2},"end":{"line":26,"column":9}},"19":{"start":{"line":29,"column":0},"end":{"line":34,"column":3}},"20":{"start":{"line":30,"column":2},"end":{"line":33,"column":5}},"21":{"start":{"line":36,"column":0},"end":{"line":36,"column":36}},"22":{"start":{"line":37,"column":0},"end":{"line":37,"column":28}},"23":{"start":{"line":39,"column":0},"end":{"line":39,"column":62}},"24":{"start":{"line":40,"column":0},"end":{"line":40,"column":51}},"25":{"start":{"line":41,"column":0},"end":{"line":41,"column":56}},"26":{"start":{"line":43,"column":20},"end":{"line":55,"column":1}},"27":{"start":{"line":44,"column":2},"end":{"line":54,"column":3}},"28":{"start":{"line":45,"column":4},"end":{"line":48,"column":40}},"29":{"start":{"line":47,"column":18},"end":{"line":47,"column":50}},"30":{"start":{"line":48,"column":22},"end":{"line":48,"column":38}},"31":{"start":{"line":50,"column":4},"end":{"line":53,"column":40}},"32":{"start":{"line":52,"column":18},"end":{"line":52,"column":58}},"33":{"start":{"line":53,"column":22},"end":{"line":53,"column":38}},"34":{"start":{"line":57,"column":20},"end":{"line":59,"column":1}},"35":{"start":{"line":58,"column":2},"end":{"line":58,"column":24}},"36":{"start":{"line":61,"column":0},"end":{"line":73,"column":1}},"37":{"start":{"line":62,"column":2},"end":{"line":64,"column":5}},"38":{"start":{"line":63,"column":4},"end":{"line":63,"column":23}},"39":{"start":{"line":66,"column":2},"end":{"line":68,"column":5}},"40":{"start":{"line":67,"column":4},"end":{"line":67,"column":46}},"41":{"start":{"line":70,"column":2},"end":{"line":72,"column":5}},"42":{"start":{"line":71,"column":4},"end":{"line":71,"column":50}},"43":{"start":{"line":75,"column":0},"end":{"line":75,"column":14}},"44":{"start":{"line":77,"column":0},"end":{"line":77,"column":51}}},"fnMap":{"0":{"name":"(anonymous_0)","decl":{"start":{"line":24,"column":16},"end":{"line":24,"column":17}},"loc":{"start":{"line":24,"column":33},"end":{"line":27,"column":1}},"line":24},"1":{"name":"(anonymous_1)","decl":{"start":{"line":29,"column":19},"end":{"line":29,"column":20}},"loc":{"start":{"line":29,"column":37},"end":{"line":34,"column":1}},"line":29},"2":{"name":"(anonymous_2)","decl":{"start":{"line":43,"column":20},"end":{"line":43,"column":21}},"loc":{"start":{"line":43,"column":32},"end":{"line":55,"column":1}},"line":43},"3":{"name":"(anonymous_3)","decl":{"start":{"line":47,"column":12},"end":{"line":47,"column":13}},"loc":{"start":{"line":47,"column":18},"end":{"line":47,"column":50}},"line":47},"4":{"name":"(anonymous_4)","decl":{"start":{"line":48,"column":13},"end":{"line":48,"column":14}},"loc":{"start":{"line":48,"column":22},"end":{"line":48,"column":38}},"line":48},"5":{"name":"(anonymous_5)","decl":{"start":{"line":52,"column":12},"end":{"line":52,"column":13}},"loc":{"start":{"line":52,"column":18},"end":{"line":52,"column":58}},"line":52},"6":{"name":"(anonymous_6)","decl":{"start":{"line":53,"column":13},"end":{"line":53,"column":14}},"loc":{"start":{"line":53,"column":22},"end":{"line":53,"column":38}},"line":53},"7":{"name":"(anonymous_7)","decl":{"start":{"line":57,"column":20},"end":{"line":57,"column":21}},"loc":{"start":{"line":57,"column":32},"end":{"line":59,"column":1}},"line":57},"8":{"name":"(anonymous_8)","decl":{"start":{"line":62,"column":34},"end":{"line":62,"column":35}},"loc":{"start":{"line":62,"column":43},"end":{"line":64,"column":3}},"line":62},"9":{"name":"(anonymous_9)","decl":{"start":{"line":66,"column":41},"end":{"line":66,"column":42}},"loc":{"start":{"line":66,"column":47},"end":{"line":68,"column":3}},"line":66},"10":{"name":"(anonymous_10)","decl":{"start":{"line":70,"column":19},"end":{"line":70,"column":20}},"loc":{"start":{"line":70,"column":25},"end":{"line":72,"column":3}},"line":70}},"branchMap":{"0":{"loc":{"start":{"line":8,"column":13},"end":{"line":8,"column":37}},"type":"binary-expr","locations":[{"start":{"line":8,"column":13},"end":{"line":8,"column":29}},{"start":{"line":8,"column":33},"end":{"line":8,"column":37}}],"line":8},"1":{"loc":{"start":{"line":44,"column":2},"end":{"line":54,"column":3}},"type":"if","locations":[{"start":{"line":44,"column":2},"end":{"line":54,"column":3}},{"start":{"line":49,"column":9},"end":{"line":54,"column":3}}],"line":44},"2":{"loc":{"start":{"line":61,"column":0},"end":{"line":73,"column":1}},"type":"if","locations":[{"start":{"line":61,"column":0},"end":{"line":73,"column":1}},{"start":{},"end":{}}],"line":61}},"s":{"0":5,"1":5,"2":5,"3":5,"4":5,"5":5,"6":5,"7":5,"8":5,"9":5,"10":5,"11":5,"12":5,"13":5,"14":5,"15":5,"16":5,"17":79,"18":79,"19":5,"20":0,"21":5,"22":5,"23":5,"24":5,"25":5,"26":5,"27":10,"28":0,"29":0,"30":0,"31":10,"32":10,"33":0,"34":5,"35":1,"36":5,"37":0,"38":0,"39":0,"40":0,"41":0,"42":0,"43":5,"44":5},"f":{"0":79,"1":0,"2":10,"3":0,"4":0,"5":10,"6":0,"7":1,"8":0,"9":0,"10":0},"b":{"0":[5,5],"1":[0,10],"2":[0,5]},"_coverageSchema":"1a1c01bbd47fc00a2c39e90264f33305004495a9","hash":"1ab857c6d042d071cefae3715db19f7757d90532"}
,"C:\\Users\\raluf\\Documents\\Programming\\react\\chiryo\\server\\controller\\applicationController.js": {"path":"C:\\Users\\raluf\\Documents\\Programming\\react\\chiryo\\server\\controller\\applicationController.js","statementMap":{"0":{"start":{"line":1,"column":20},"end":{"line":1,"column":52}},"1":{"start":{"line":2,"column":18},"end":{"line":2,"column":48}},"2":{"start":{"line":3,"column":15},"end":{"line":3,"column":32}},"3":{"start":{"line":4,"column":19},"end":{"line":4,"column":40}},"4":{"start":{"line":5,"column":29},"end":{"line":5,"column":49}},"5":{"start":{"line":7,"column":24},"end":{"line":26,"column":1}},"6":{"start":{"line":8,"column":2},"end":{"line":25,"column":3}},"7":{"start":{"line":9,"column":35},"end":{"line":9,"column":48}},"8":{"start":{"line":10,"column":4},"end":{"line":10,"column":49}},"9":{"start":{"line":11,"column":4},"end":{"line":13,"column":5}},"10":{"start":{"line":12,"column":6},"end":{"line":12,"column":73}},"11":{"start":{"line":15,"column":23},"end":{"line":15,"column":25}},"12":{"start":{"line":16,"column":17},"end":{"line":16,"column":49}},"13":{"start":{"line":17,"column":17},"end":{"line":17,"column":73}},"14":{"start":{"line":18,"column":4},"end":{"line":18,"column":43}},"15":{"start":{"line":20,"column":24},"end":{"line":20,"column":63}},"16":{"start":{"line":21,"column":4},"end":{"line":21,"column":29}},"17":{"start":{"line":22,"column":4},"end":{"line":22,"column":57}},"18":{"start":{"line":24,"column":4},"end":{"line":24,"column":71}},"19":{"start":{"line":28,"column":31},"end":{"line":36,"column":1}},"20":{"start":{"line":29,"column":2},"end":{"line":35,"column":3}},"21":{"start":{"line":30,"column":16},"end":{"line":30,"column":40}},"22":{"start":{"line":31,"column":4},"end":{"line":31,"column":49}},"23":{"start":{"line":31,"column":31},"end":{"line":31,"column":47}},"24":{"start":{"line":32,"column":4},"end":{"line":32,"column":65}},"25":{"start":{"line":34,"column":4},"end":{"line":34,"column":55}},"26":{"start":{"line":38,"column":25},"end":{"line":58,"column":1}},"27":{"start":{"line":39,"column":25},"end":{"line":39,"column":35}},"28":{"start":{"line":40,"column":21},"end":{"line":40,"column":41}},"29":{"start":{"line":42,"column":2},"end":{"line":44,"column":3}},"30":{"start":{"line":43,"column":4},"end":{"line":43,"column":21}},"31":{"start":{"line":46,"column":2},"end":{"line":57,"column":3}},"32":{"start":{"line":47,"column":23},"end":{"line":51,"column":13}},"33":{"start":{"line":53,"column":4},"end":{"line":53,"column":80}},"34":{"start":{"line":55,"column":4},"end":{"line":55,"column":23}},"35":{"start":{"line":56,"column":4},"end":{"line":56,"column":62}},"36":{"start":{"line":60,"column":27},"end":{"line":106,"column":1}},"37":{"start":{"line":61,"column":2},"end":{"line":105,"column":3}},"38":{"start":{"line":62,"column":39},"end":{"line":62,"column":52}},"39":{"start":{"line":63,"column":22},"end":{"line":63,"column":59}},"40":{"start":{"line":64,"column":4},"end":{"line":64,"column":27}},"41":{"start":{"line":66,"column":19},"end":{"line":68,"column":6}},"42":{"start":{"line":70,"column":4},"end":{"line":99,"column":5}},"43":{"start":{"line":98,"column":6},"end":{"line":98,"column":57}},"44":{"start":{"line":101,"column":4},"end":{"line":101,"column":55}},"45":{"start":{"line":103,"column":4},"end":{"line":103,"column":23}},"46":{"start":{"line":104,"column":4},"end":{"line":104,"column":62}},"47":{"start":{"line":108,"column":26},"end":{"line":125,"column":1}},"48":{"start":{"line":109,"column":2},"end":{"line":124,"column":3}},"49":{"start":{"line":110,"column":27},"end":{"line":110,"column":40}},"50":{"start":{"line":111,"column":19},"end":{"line":113,"column":6}},"51":{"start":{"line":115,"column":4},"end":{"line":117,"column":5}},"52":{"start":{"line":116,"column":6},"end":{"line":116,"column":57}},"53":{"start":{"line":118,"column":4},"end":{"line":118,"column":65}},"54":{"start":{"line":120,"column":4},"end":{"line":120,"column":23}},"55":{"start":{"line":121,"column":4},"end":{"line":123,"column":62}},"56":{"start":{"line":127,"column":0},"end":{"line":133,"column":2}}},"fnMap":{"0":{"name":"(anonymous_0)","decl":{"start":{"line":7,"column":24},"end":{"line":7,"column":25}},"loc":{"start":{"line":7,"column":44},"end":{"line":26,"column":1}},"line":7},"1":{"name":"(anonymous_1)","decl":{"start":{"line":28,"column":31},"end":{"line":28,"column":32}},"loc":{"start":{"line":28,"column":51},"end":{"line":36,"column":1}},"line":28},"2":{"name":"(anonymous_2)","decl":{"start":{"line":31,"column":16},"end":{"line":31,"column":17}},"loc":{"start":{"line":31,"column":31},"end":{"line":31,"column":47}},"line":31},"3":{"name":"(anonymous_3)","decl":{"start":{"line":38,"column":25},"end":{"line":38,"column":26}},"loc":{"start":{"line":38,"column":51},"end":{"line":58,"column":1}},"line":38},"4":{"name":"(anonymous_4)","decl":{"start":{"line":60,"column":27},"end":{"line":60,"column":28}},"loc":{"start":{"line":60,"column":53},"end":{"line":106,"column":1}},"line":60},"5":{"name":"(anonymous_5)","decl":{"start":{"line":108,"column":26},"end":{"line":108,"column":27}},"loc":{"start":{"line":108,"column":52},"end":{"line":125,"column":1}},"line":108}},"branchMap":{"0":{"loc":{"start":{"line":11,"column":4},"end":{"line":13,"column":5}},"type":"if","locations":[{"start":{"line":11,"column":4},"end":{"line":13,"column":5}},{"start":{},"end":{}}],"line":11},"1":{"loc":{"start":{"line":39,"column":10},"end":{"line":39,"column":20}},"type":"default-arg","locations":[{"start":{"line":39,"column":19},"end":{"line":39,"column":20}}],"line":39},"2":{"loc":{"start":{"line":42,"column":2},"end":{"line":44,"column":3}},"type":"if","locations":[{"start":{"line":42,"column":2},"end":{"line":44,"column":3}},{"start":{},"end":{}}],"line":42},"3":{"loc":{"start":{"line":70,"column":4},"end":{"line":99,"column":5}},"type":"if","locations":[{"start":{"line":70,"column":4},"end":{"line":99,"column":5}},{"start":{},"end":{}}],"line":70},"4":{"loc":{"start":{"line":115,"column":4},"end":{"line":117,"column":5}},"type":"if","locations":[{"start":{"line":115,"column":4},"end":{"line":117,"column":5}},{"start":{},"end":{}}],"line":115}},"s":{"0":5,"1":5,"2":5,"3":5,"4":5,"5":5,"6":3,"7":3,"8":3,"9":3,"10":2,"11":1,"12":1,"13":1,"14":1,"15":1,"16":1,"17":1,"18":2,"19":5,"20":0,"21":0,"22":0,"23":0,"24":0,"25":0,"26":5,"27":3,"28":3,"29":3,"30":1,"31":3,"32":3,"33":2,"34":1,"35":1,"36":5,"37":3,"38":3,"39":3,"40":3,"41":2,"42":2,"43":1,"44":1,"45":1,"46":1,"47":5,"48":3,"49":3,"50":3,"51":2,"52":1,"53":1,"54":1,"55":1,"56":5},"f":{"0":3,"1":0,"2":0,"3":3,"4":3,"5":3},"b":{"0":[2,1],"1":[0],"2":[1,2],"3":[1,1],"4":[1,1]},"_coverageSchema":"1a1c01bbd47fc00a2c39e90264f33305004495a9","hash":"d909a56549e36b5bf9c320e6f79ffb6db9e840cd"}
,"C:\\Users\\raluf\\Documents\\Programming\\react\\chiryo\\server\\controller\\dashboardController.js": {"path":"C:\\Users\\raluf\\Documents\\Programming\\react\\chiryo\\server\\controller\\dashboardController.js","statementMap":{"0":{"start":{"line":1,"column":17},"end":{"line":1,"column":36}},"1":{"start":{"line":2,"column":18},"end":{"line":2,"column":48}},"2":{"start":{"line":3,"column":13},"end":{"line":3,"column":38}},"3":{"start":{"line":5,"column":23},"end":{"line":34,"column":1}},"4":{"start":{"line":6,"column":25},"end":{"line":6,"column":35}},"5":{"start":{"line":7,"column":27},"end":{"line":7,"column":40}},"6":{"start":{"line":8,"column":23},"end":{"line":8,"column":43}},"7":{"start":{"line":10,"column":2},"end":{"line":12,"column":3}},"8":{"start":{"line":11,"column":4},"end":{"line":11,"column":56}},"9":{"start":{"line":14,"column":2},"end":{"line":16,"column":3}},"10":{"start":{"line":15,"column":4},"end":{"line":15,"column":50}},"11":{"start":{"line":18,"column":2},"end":{"line":24,"column":3}},"12":{"start":{"line":19,"column":4},"end":{"line":19,"column":40}},"13":{"start":{"line":20,"column":9},"end":{"line":24,"column":3}},"14":{"start":{"line":21,"column":4},"end":{"line":21,"column":35}},"15":{"start":{"line":23,"column":4},"end":{"line":23,"column":53}},"16":{"start":{"line":26,"column":2},"end":{"line":33,"column":3}},"17":{"start":{"line":27,"column":17},"end":{"line":27,"column":74}},"18":{"start":{"line":28,"column":4},"end":{"line":30,"column":69}},"19":{"start":{"line":32,"column":4},"end":{"line":32,"column":75}},"20":{"start":{"line":36,"column":21},"end":{"line":64,"column":1}},"21":{"start":{"line":37,"column":2},"end":{"line":63,"column":3}},"22":{"start":{"line":38,"column":36},"end":{"line":38,"column":49}},"23":{"start":{"line":40,"column":4},"end":{"line":45,"column":5}},"24":{"start":{"line":44,"column":6},"end":{"line":44,"column":54}},"25":{"start":{"line":47,"column":19},"end":{"line":53,"column":5}},"26":{"start":{"line":55,"column":4},"end":{"line":59,"column":5}},"27":{"start":{"line":56,"column":6},"end":{"line":56,"column":66}},"28":{"start":{"line":58,"column":6},"end":{"line":58,"column":64}},"29":{"start":{"line":61,"column":4},"end":{"line":61,"column":50}},"30":{"start":{"line":62,"column":4},"end":{"line":62,"column":76}},"31":{"start":{"line":66,"column":25},"end":{"line":97,"column":1}},"32":{"start":{"line":67,"column":2},"end":{"line":96,"column":3}},"33":{"start":{"line":68,"column":29},"end":{"line":68,"column":42}},"34":{"start":{"line":70,"column":4},"end":{"line":72,"column":5}},"35":{"start":{"line":71,"column":6},"end":{"line":71,"column":54}},"36":{"start":{"line":76,"column":4},"end":{"line":82,"column":5}},"37":{"start":{"line":77,"column":6},"end":{"line":77,"column":42}},"38":{"start":{"line":78,"column":11},"end":{"line":82,"column":5}},"39":{"start":{"line":79,"column":6},"end":{"line":79,"column":37}},"40":{"start":{"line":81,"column":6},"end":{"line":81,"column":55}},"41":{"start":{"line":84,"column":19},"end":{"line":86,"column":6}},"42":{"start":{"line":88,"column":4},"end":{"line":92,"column":5}},"43":{"start":{"line":89,"column":6},"end":{"line":89,"column":66}},"44":{"start":{"line":91,"column":6},"end":{"line":91,"column":64}},"45":{"start":{"line":94,"column":4},"end":{"line":94,"column":50}},"46":{"start":{"line":95,"column":4},"end":{"line":95,"column":76}},"47":{"start":{"line":99,"column":21},"end":{"line":126,"column":1}},"48":{"start":{"line":100,"column":2},"end":{"line":125,"column":3}},"49":{"start":{"line":101,"column":45},"end":{"line":101,"column":58}},"50":{"start":{"line":103,"column":4},"end":{"line":108,"column":5}},"51":{"start":{"line":107,"column":6},"end":{"line":107,"column":54}},"52":{"start":{"line":110,"column":19},"end":{"line":116,"column":5}},"53":{"start":{"line":118,"column":4},"end":{"line":120,"column":5}},"54":{"start":{"line":119,"column":6},"end":{"line":119,"column":62}},"55":{"start":{"line":122,"column":4},"end":{"line":122,"column":48}},"56":{"start":{"line":124,"column":4},"end":{"line":124,"column":75}},"57":{"start":{"line":128,"column":26},"end":{"line":165,"column":1}},"58":{"start":{"line":129,"column":19},"end":{"line":129,"column":32}},"59":{"start":{"line":130,"column":15},"end":{"line":130,"column":33}},"60":{"start":{"line":132,"column":22},"end":{"line":132,"column":76}},"61":{"start":{"line":133,"column":2},"end":{"line":135,"column":3}},"62":{"start":{"line":134,"column":4},"end":{"line":134,"column":64}},"63":{"start":{"line":137,"column":24},"end":{"line":156,"column":5}},"64":{"start":{"line":137,"column":63},"end":{"line":156,"column":3}},"65":{"start":{"line":158,"column":21},"end":{"line":158,"column":62}},"66":{"start":{"line":160,"column":2},"end":{"line":164,"column":3}},"67":{"start":{"line":161,"column":4},"end":{"line":161,"column":38}},"68":{"start":{"line":163,"column":4},"end":{"line":163,"column":60}},"69":{"start":{"line":167,"column":0},"end":{"line":173,"column":2}}},"fnMap":{"0":{"name":"(anonymous_0)","decl":{"start":{"line":5,"column":23},"end":{"line":5,"column":24}},"loc":{"start":{"line":5,"column":43},"end":{"line":34,"column":1}},"line":5},"1":{"name":"(anonymous_1)","decl":{"start":{"line":36,"column":21},"end":{"line":36,"column":22}},"loc":{"start":{"line":36,"column":41},"end":{"line":64,"column":1}},"line":36},"2":{"name":"(anonymous_2)","decl":{"start":{"line":66,"column":25},"end":{"line":66,"column":26}},"loc":{"start":{"line":66,"column":45},"end":{"line":97,"column":1}},"line":66},"3":{"name":"(anonymous_3)","decl":{"start":{"line":99,"column":21},"end":{"line":99,"column":22}},"loc":{"start":{"line":99,"column":41},"end":{"line":126,"column":1}},"line":99},"4":{"name":"(anonymous_4)","decl":{"start":{"line":128,"column":26},"end":{"line":128,"column":27}},"loc":{"start":{"line":128,"column":46},"end":{"line":165,"column":1}},"line":128},"5":{"name":"(anonymous_5)","decl":{"start":{"line":137,"column":47},"end":{"line":137,"column":48}},"loc":{"start":{"line":137,"column":63},"end":{"line":156,"column":3}},"line":137}},"branchMap":{"0":{"loc":{"start":{"line":6,"column":10},"end":{"line":6,"column":20}},"type":"default-arg","locations":[{"start":{"line":6,"column":19},"end":{"line":6,"column":20}}],"line":6},"1":{"loc":{"start":{"line":10,"column":2},"end":{"line":12,"column":3}},"type":"if","locations":[{"start":{"line":10,"column":2},"end":{"line":12,"column":3}},{"start":{},"end":{}}],"line":10},"2":{"loc":{"start":{"line":14,"column":2},"end":{"line":16,"column":3}},"type":"if","locations":[{"start":{"line":14,"column":2},"end":{"line":16,"column":3}},{"start":{},"end":{}}],"line":14},"3":{"loc":{"start":{"line":18,"column":2},"end":{"line":24,"column":3}},"type":"if","locations":[{"start":{"line":18,"column":2},"end":{"line":24,"column":3}},{"start":{"line":20,"column":9},"end":{"line":24,"column":3}}],"line":18},"4":{"loc":{"start":{"line":20,"column":9},"end":{"line":24,"column":3}},"type":"if","locations":[{"start":{"line":20,"column":9},"end":{"line":24,"column":3}},{"start":{"line":22,"column":9},"end":{"line":24,"column":3}}],"line":20},"5":{"loc":{"start":{"line":28,"column":11},"end":{"line":30,"column":68}},"type":"cond-expr","locations":[{"start":{"line":29,"column":8},"end":{"line":29,"column":64}},{"start":{"line":30,"column":8},"end":{"line":30,"column":68}}],"line":28},"6":{"loc":{"start":{"line":40,"column":4},"end":{"line":45,"column":5}},"type":"if","locations":[{"start":{"line":40,"column":4},"end":{"line":45,"column":5}},{"start":{},"end":{}}],"line":40},"7":{"loc":{"start":{"line":41,"column":6},"end":{"line":42,"column":51}},"type":"binary-expr","locations":[{"start":{"line":41,"column":6},"end":{"line":41,"column":46}},{"start":{"line":42,"column":6},"end":{"line":42,"column":51}}],"line":41},"8":{"loc":{"start":{"line":55,"column":4},"end":{"line":59,"column":5}},"type":"if","locations":[{"start":{"line":55,"column":4},"end":{"line":59,"column":5}},{"start":{"line":57,"column":11},"end":{"line":59,"column":5}}],"line":55},"9":{"loc":{"start":{"line":70,"column":4},"end":{"line":72,"column":5}},"type":"if","locations":[{"start":{"line":70,"column":4},"end":{"line":72,"column":5}},{"start":{},"end":{}}],"line":70},"10":{"loc":{"start":{"line":76,"column":4},"end":{"line":82,"column":5}},"type":"if","locations":[{"start":{"line":76,"column":4},"end":{"line":82,"column":5}},{"start":{"line":78,"column":11},"end":{"line":82,"column":5}}],"line":76},"11":{"loc":{"start":{"line":78,"column":11},"end":{"line":82,"column":5}},"type":"if","locations":[{"start":{"line":78,"column":11},"end":{"line":82,"column":5}},{"start":{"line":80,"column":11},"end":{"line":82,"column":5}}],"line":78},"12":{"loc":{"start":{"line":88,"column":4},"end":{"line":92,"column":5}},"type":"if","locations":[{"start":{"line":88,"column":4},"end":{"line":92,"column":5}},{"start":{"line":90,"column":11},"end":{"line":92,"column":5}}],"line":88},"13":{"loc":{"start":{"line":103,"column":4},"end":{"line":108,"column":5}},"type":"if","locations":[{"start":{"line":103,"column":4},"end":{"line":108,"column":5}},{"start":{},"end":{}}],"line":103},"14":{"loc":{"start":{"line":104,"column":6},"end":{"line":105,"column":51}},"type":"binary-expr","locations":[{"start":{"line":104,"column":6},"end":{"line":104,"column":46}},{"start":{"line":105,"column":6},"end":{"line":105,"column":51}}],"line":104},"15":{"loc":{"start":{"line":118,"column":4},"end":{"line":120,"column":5}},"type":"if","locations":[{"start":{"line":118,"column":4},"end":{"line":120,"column":5}},{"start":{},"end":{}}],"line":118},"16":{"loc":{"start":{"line":133,"column":2},"end":{"line":135,"column":3}},"type":"if","locations":[{"start":{"line":133,"column":2},"end":{"line":135,"column":3}},{"start":{},"end":{}}],"line":133},"17":{"loc":{"start":{"line":150,"column":14},"end":{"line":150,"column":45}},"type":"binary-expr","locations":[{"start":{"line":150,"column":14},"end":{"line":150,"column":32}},{"start":{"line":150,"column":36},"end":{"line":150,"column":45}}],"line":150},"18":{"loc":{"start":{"line":154,"column":22},"end":{"line":154,"column":57}},"type":"binary-expr","locations":[{"start":{"line":154,"column":22},"end":{"line":154,"column":48}},{"start":{"line":154,"column":52},"end":{"line":154,"column":57}}],"line":154},"19":{"loc":{"start":{"line":155,"column":27},"end":{"line":155,"column":67}},"type":"binary-expr","locations":[{"start":{"line":155,"column":27},"end":{"line":155,"column":58}},{"start":{"line":155,"column":62},"end":{"line":155,"column":67}}],"line":155},"20":{"loc":{"start":{"line":160,"column":2},"end":{"line":164,"column":3}},"type":"if","locations":[{"start":{"line":160,"column":2},"end":{"line":164,"column":3}},{"start":{"line":162,"column":9},"end":{"line":164,"column":3}}],"line":160}},"s":{"0":5,"1":5,"2":5,"3":5,"4":2,"5":2,"6":2,"7":2,"8":1,"9":1,"10":0,"11":1,"12":0,"13":1,"14":1,"15":0,"16":1,"17":1,"18":1,"19":0,"20":5,"21":3,"22":3,"23":3,"24":1,"25":2,"26":2,"27":1,"28":1,"29":0,"30":0,"31":5,"32":3,"33":3,"34":3,"35":1,"36":2,"37":0,"38":2,"39":2,"40":0,"41":2,"42":2,"43":1,"44":1,"45":0,"46":0,"47":5,"48":3,"49":3,"50":3,"51":1,"52":2,"53":2,"54":1,"55":1,"56":0,"57":5,"58":2,"59":2,"60":2,"61":2,"62":0,"63":2,"64":7,"65":2,"66":2,"67":1,"68":1,"69":5},"f":{"0":2,"1":3,"2":3,"3":3,"4":2,"5":7},"b":{"0":[0],"1":[1,1],"2":[0,1],"3":[0,1],"4":[1,0],"5":[1,0],"6":[1,2],"7":[3,2],"8":[1,1],"9":[1,2],"10":[0,2],"11":[2,0],"12":[1,1],"13":[1,2],"14":[3,2],"15":[1,1],"16":[0,2],"17":[7,0],"18":[7,7],"19":[7,7],"20":[1,1]},"_coverageSchema":"1a1c01bbd47fc00a2c39e90264f33305004495a9","hash":"ff5720d62cf579ae5b7b5f20152de0a0c9d1d00c"}
,"C:\\Users\\raluf\\Documents\\Programming\\react\\chiryo\\server\\controller\\matchController.js": {"path":"C:\\Users\\raluf\\Documents\\Programming\\react\\chiryo\\server\\controller\\matchController.js","statementMap":{"0":{"start":{"line":5,"column":4},"end":{"line":5,"column":36}},"1":{"start":{"line":6,"column":13},"end":{"line":6,"column":38}},"2":{"start":{"line":7,"column":24},"end":{"line":7,"column":56}},"3":{"start":{"line":9,"column":15},"end":{"line":9,"column":41}},"4":{"start":{"line":10,"column":14},"end":{"line":10,"column":44}},"5":{"start":{"line":12,"column":14},"end":{"line":16,"column":2}},"6":{"start":{"line":18,"column":25},"end":{"line":24,"column":1}},"7":{"start":{"line":44,"column":22},"end":{"line":64,"column":4}},"8":{"start":{"line":66,"column":17},"end":{"line":66,"column":52}},"9":{"start":{"line":67,"column":20},"end":{"line":67,"column":48}},"10":{"start":{"line":68,"column":2},"end":{"line":68,"column":31}},"11":{"start":{"line":71,"column":31},"end":{"line":103,"column":1}},"12":{"start":{"line":72,"column":19},"end":{"line":72,"column":32}},"13":{"start":{"line":73,"column":22},"end":{"line":73,"column":76}},"14":{"start":{"line":75,"column":2},"end":{"line":77,"column":3}},"15":{"start":{"line":76,"column":4},"end":{"line":76,"column":61}},"16":{"start":{"line":79,"column":43},"end":{"line":79,"column":47}},"17":{"start":{"line":81,"column":19},"end":{"line":81,"column":37}},"18":{"start":{"line":82,"column":2},"end":{"line":82,"column":24}},"19":{"start":{"line":83,"column":2},"end":{"line":85,"column":3}},"20":{"start":{"line":84,"column":4},"end":{"line":84,"column":59}},"21":{"start":{"line":87,"column":26},"end":{"line":92,"column":3}},"22":{"start":{"line":94,"column":2},"end":{"line":102,"column":3}},"23":{"start":{"line":95,"column":17},"end":{"line":95,"column":51}},"24":{"start":{"line":96,"column":4},"end":{"line":96,"column":24}},"25":{"start":{"line":97,"column":4},"end":{"line":97,"column":32}},"26":{"start":{"line":98,"column":4},"end":{"line":98,"column":18}},"27":{"start":{"line":100,"column":4},"end":{"line":100,"column":64}},"28":{"start":{"line":101,"column":4},"end":{"line":101,"column":71}},"29":{"start":{"line":105,"column":0},"end":{"line":105,"column":44}}},"fnMap":{"0":{"name":"run","decl":{"start":{"line":43,"column":15},"end":{"line":43,"column":18}},"loc":{"start":{"line":43,"column":25},"end":{"line":69,"column":1}},"line":43},"1":{"name":"(anonymous_1)","decl":{"start":{"line":71,"column":31},"end":{"line":71,"column":32}},"loc":{"start":{"line":71,"column":57},"end":{"line":103,"column":1}},"line":71}},"branchMap":{"0":{"loc":{"start":{"line":75,"column":2},"end":{"line":77,"column":3}},"type":"if","locations":[{"start":{"line":75,"column":2},"end":{"line":77,"column":3}},{"start":{},"end":{}}],"line":75},"1":{"loc":{"start":{"line":83,"column":2},"end":{"line":85,"column":3}},"type":"if","locations":[{"start":{"line":83,"column":2},"end":{"line":85,"column":3}},{"start":{},"end":{}}],"line":83}},"s":{"0":5,"1":5,"2":5,"3":5,"4":5,"5":5,"6":5,"7":2,"8":2,"9":2,"10":2,"11":5,"12":3,"13":3,"14":3,"15":1,"16":2,"17":2,"18":2,"19":2,"20":0,"21":2,"22":2,"23":2,"24":2,"25":2,"26":2,"27":0,"28":0,"29":5},"f":{"0":2,"1":3},"b":{"0":[1,2],"1":[0,2]},"_coverageSchema":"1a1c01bbd47fc00a2c39e90264f33305004495a9","hash":"b84c39b7ea09ea4b4c25a588e818e508fe96a69b"}
,"C:\\Users\\raluf\\Documents\\Programming\\react\\chiryo\\server\\controller\\scraper.js": {"path":"C:\\Users\\raluf\\Documents\\Programming\\react\\chiryo\\server\\controller\\scraper.js","statementMap":{"0":{"start":{"line":1,"column":18},"end":{"line":1,"column":38}},"1":{"start":{"line":2,"column":13},"end":{"line":2,"column":72}},"2":{"start":{"line":4,"column":25},"end":{"line":49,"column":1}},"3":{"start":{"line":5,"column":18},"end":{"line":8,"column":4}},"4":{"start":{"line":10,"column":15},"end":{"line":10,"column":38}},"5":{"start":{"line":11,"column":2},"end":{"line":13,"column":5}},"6":{"start":{"line":15,"column":25},"end":{"line":42,"column":4}},"7":{"start":{"line":16,"column":24},"end":{"line":16,"column":77}},"8":{"start":{"line":17,"column":23},"end":{"line":17,"column":25}},"9":{"start":{"line":19,"column":4},"end":{"line":39,"column":7}},"10":{"start":{"line":20,"column":36},"end":{"line":22,"column":29}},"11":{"start":{"line":23,"column":26},"end":{"line":25,"column":17}},"12":{"start":{"line":26,"column":24},"end":{"line":26,"column":67}},"13":{"start":{"line":27,"column":23},"end":{"line":27,"column":72}},"14":{"start":{"line":28,"column":26},"end":{"line":28,"column":76}},"15":{"start":{"line":29,"column":23},"end":{"line":29,"column":44}},"16":{"start":{"line":30,"column":24},"end":{"line":37,"column":7}},"17":{"start":{"line":38,"column":6},"end":{"line":38,"column":33}},"18":{"start":{"line":41,"column":4},"end":{"line":41,"column":22}},"19":{"start":{"line":44,"column":2},"end":{"line":44,"column":56}},"20":{"start":{"line":46,"column":2},"end":{"line":46,"column":24}},"21":{"start":{"line":48,"column":2},"end":{"line":48,"column":24}},"22":{"start":{"line":51,"column":0},"end":{"line":51,"column":38}}},"fnMap":{"0":{"name":"(anonymous_0)","decl":{"start":{"line":4,"column":25},"end":{"line":4,"column":26}},"loc":{"start":{"line":4,"column":37},"end":{"line":49,"column":1}},"line":4},"1":{"name":"(anonymous_1)","decl":{"start":{"line":15,"column":45},"end":{"line":15,"column":46}},"loc":{"start":{"line":15,"column":51},"end":{"line":42,"column":3}},"line":15},"2":{"name":"(anonymous_2)","decl":{"start":{"line":19,"column":24},"end":{"line":19,"column":25}},"loc":{"start":{"line":19,"column":34},"end":{"line":39,"column":5}},"line":19}},"branchMap":{},"s":{"0":6,"1":6,"2":6,"3":2,"4":1,"5":1,"6":1,"7":0,"8":0,"9":0,"10":0,"11":0,"12":0,"13":0,"14":0,"15":0,"16":0,"17":0,"18":0,"19":1,"20":1,"21":1,"22":6},"f":{"0":2,"1":0,"2":0},"b":{},"_coverageSchema":"1a1c01bbd47fc00a2c39e90264f33305004495a9","hash":"fa7414dd593fe685abbc01cd03ae11a504a488e0"}
,"C:\\Users\\raluf\\Documents\\Programming\\react\\chiryo\\server\\controller\\userController.js": {"path":"C:\\Users\\raluf\\Documents\\Programming\\react\\chiryo\\server\\controller\\userController.js","statementMap":{"0":{"start":{"line":1,"column":15},"end":{"line":1,"column":32}},"1":{"start":{"line":2,"column":13},"end":{"line":2,"column":38}},"2":{"start":{"line":3,"column":18},"end":{"line":3,"column":48}},"3":{"start":{"line":5,"column":21},"end":{"line":29,"column":1}},"4":{"start":{"line":6,"column":15},"end":{"line":6,"column":28}},"5":{"start":{"line":8,"column":2},"end":{"line":28,"column":3}},"6":{"start":{"line":9,"column":25},"end":{"line":9,"column":79}},"7":{"start":{"line":10,"column":4},"end":{"line":12,"column":5}},"8":{"start":{"line":11,"column":6},"end":{"line":11,"column":73}},"9":{"start":{"line":14,"column":23},"end":{"line":14,"column":25}},"10":{"start":{"line":15,"column":17},"end":{"line":15,"column":49}},"11":{"start":{"line":16,"column":17},"end":{"line":16,"column":55}},"12":{"start":{"line":17,"column":4},"end":{"line":17,"column":25}},"13":{"start":{"line":19,"column":20},"end":{"line":19,"column":34}},"14":{"start":{"line":20,"column":4},"end":{"line":20,"column":25}},"15":{"start":{"line":22,"column":4},"end":{"line":22,"column":67}},"16":{"start":{"line":24,"column":4},"end":{"line":24,"column":23}},"17":{"start":{"line":25,"column":4},"end":{"line":27,"column":72}},"18":{"start":{"line":31,"column":18},"end":{"line":71,"column":1}},"19":{"start":{"line":32,"column":33},"end":{"line":32,"column":46}},"20":{"start":{"line":34,"column":2},"end":{"line":36,"column":3}},"21":{"start":{"line":35,"column":4},"end":{"line":35,"column":56}},"22":{"start":{"line":38,"column":2},"end":{"line":40,"column":3}},"23":{"start":{"line":39,"column":4},"end":{"line":39,"column":56}},"24":{"start":{"line":42,"column":2},"end":{"line":70,"column":3}},"25":{"start":{"line":43,"column":15},"end":{"line":43,"column":64}},"26":{"start":{"line":45,"column":4},"end":{"line":47,"column":5}},"27":{"start":{"line":46,"column":6},"end":{"line":46,"column":68}},"28":{"start":{"line":49,"column":4},"end":{"line":49,"column":22}},"29":{"start":{"line":51,"column":4},"end":{"line":54,"column":5}},"30":{"start":{"line":52,"column":6},"end":{"line":52,"column":42}},"31":{"start":{"line":53,"column":6},"end":{"line":53,"column":52}},"32":{"start":{"line":56,"column":19},"end":{"line":56,"column":64}},"33":{"start":{"line":58,"column":4},"end":{"line":66,"column":5}},"34":{"start":{"line":59,"column":6},"end":{"line":59,"column":29}},"35":{"start":{"line":60,"column":6},"end":{"line":60,"column":43}},"36":{"start":{"line":62,"column":6},"end":{"line":62,"column":61}},"37":{"start":{"line":63,"column":6},"end":{"line":63,"column":20}},"38":{"start":{"line":65,"column":6},"end":{"line":65,"column":76}},"39":{"start":{"line":68,"column":4},"end":{"line":68,"column":23}},"40":{"start":{"line":69,"column":4},"end":{"line":69,"column":71}},"41":{"start":{"line":73,"column":19},"end":{"line":87,"column":1}},"42":{"start":{"line":74,"column":2},"end":{"line":86,"column":3}},"43":{"start":{"line":75,"column":23},"end":{"line":75,"column":48}},"44":{"start":{"line":76,"column":4},"end":{"line":78,"column":5}},"45":{"start":{"line":77,"column":6},"end":{"line":77,"column":70}},"46":{"start":{"line":79,"column":18},"end":{"line":79,"column":42}},"47":{"start":{"line":80,"column":4},"end":{"line":82,"column":5}},"48":{"start":{"line":81,"column":6},"end":{"line":81,"column":55}},"49":{"start":{"line":83,"column":4},"end":{"line":83,"column":53}},"50":{"start":{"line":85,"column":4},"end":{"line":85,"column":58}},"51":{"start":{"line":89,"column":19},"end":{"line":130,"column":1}},"52":{"start":{"line":90,"column":26},"end":{"line":90,"column":39}},"53":{"start":{"line":91,"column":33},"end":{"line":91,"column":48}},"54":{"start":{"line":93,"column":2},"end":{"line":129,"column":3}},"55":{"start":{"line":94,"column":15},"end":{"line":94,"column":54}},"56":{"start":{"line":95,"column":15},"end":{"line":95,"column":21}},"57":{"start":{"line":97,"column":4},"end":{"line":100,"column":5}},"58":{"start":{"line":98,"column":6},"end":{"line":98,"column":58}},"59":{"start":{"line":99,"column":6},"end":{"line":99,"column":25}},"60":{"start":{"line":102,"column":4},"end":{"line":104,"column":5}},"61":{"start":{"line":103,"column":6},"end":{"line":103,"column":52}},"62":{"start":{"line":106,"column":4},"end":{"line":106,"column":28}},"63":{"start":{"line":108,"column":20},"end":{"line":108,"column":65}},"64":{"start":{"line":110,"column":4},"end":{"line":112,"column":5}},"65":{"start":{"line":111,"column":6},"end":{"line":111,"column":56}},"66":{"start":{"line":115,"column":6},"end":{"line":117,"column":61}},"67":{"start":{"line":119,"column":4},"end":{"line":121,"column":5}},"68":{"start":{"line":120,"column":6},"end":{"line":120,"column":54}},"69":{"start":{"line":123,"column":4},"end":{"line":123,"column":31}},"70":{"start":{"line":125,"column":4},"end":{"line":125,"column":69}},"71":{"start":{"line":127,"column":4},"end":{"line":127,"column":23}},"72":{"start":{"line":128,"column":4},"end":{"line":128,"column":72}},"73":{"start":{"line":132,"column":22},"end":{"line":155,"column":1}},"74":{"start":{"line":133,"column":39},"end":{"line":133,"column":52}},"75":{"start":{"line":134,"column":2},"end":{"line":134,"column":45}},"76":{"start":{"line":136,"column":2},"end":{"line":138,"column":3}},"77":{"start":{"line":137,"column":4},"end":{"line":137,"column":58}},"78":{"start":{"line":140,"column":2},"end":{"line":154,"column":3}},"79":{"start":{"line":142,"column":6},"end":{"line":148,"column":19}},"80":{"start":{"line":150,"column":4},"end":{"line":150,"column":75}},"81":{"start":{"line":152,"column":4},"end":{"line":152,"column":23}},"82":{"start":{"line":153,"column":4},"end":{"line":153,"column":62}},"83":{"start":{"line":157,"column":23},"end":{"line":189,"column":1}},"84":{"start":{"line":158,"column":55},"end":{"line":158,"column":68}},"85":{"start":{"line":160,"column":2},"end":{"line":188,"column":3}},"86":{"start":{"line":162,"column":6},"end":{"line":164,"column":49}},"87":{"start":{"line":166,"column":4},"end":{"line":168,"column":5}},"88":{"start":{"line":167,"column":6},"end":{"line":167,"column":52}},"89":{"start":{"line":169,"column":4},"end":{"line":169,"column":31}},"90":{"start":{"line":170,"column":20},"end":{"line":170,"column":68}},"91":{"start":{"line":172,"column":4},"end":{"line":180,"column":5}},"92":{"start":{"line":173,"column":25},"end":{"line":173,"column":27}},"93":{"start":{"line":174,"column":19},"end":{"line":174,"column":51}},"94":{"start":{"line":175,"column":19},"end":{"line":175,"column":55}},"95":{"start":{"line":177,"column":6},"end":{"line":177,"column":27}},"96":{"start":{"line":178,"column":6},"end":{"line":178,"column":24}},"97":{"start":{"line":179,"column":6},"end":{"line":179,"column":67}},"98":{"start":{"line":182,"column":4},"end":{"line":184,"column":70}},"99":{"start":{"line":186,"column":4},"end":{"line":186,"column":23}},"100":{"start":{"line":187,"column":4},"end":{"line":187,"column":62}},"101":{"start":{"line":191,"column":19},"end":{"line":220,"column":1}},"102":{"start":{"line":192,"column":39},"end":{"line":192,"column":52}},"103":{"start":{"line":194,"column":2},"end":{"line":219,"column":3}},"104":{"start":{"line":196,"column":6},"end":{"line":198,"column":49}},"105":{"start":{"line":200,"column":4},"end":{"line":202,"column":5}},"106":{"start":{"line":201,"column":6},"end":{"line":201,"column":52}},"107":{"start":{"line":204,"column":20},"end":{"line":204,"column":65}},"108":{"start":{"line":206,"column":4},"end":{"line":211,"column":5}},"109":{"start":{"line":207,"column":6},"end":{"line":209,"column":16}},"110":{"start":{"line":210,"column":6},"end":{"line":210,"column":66}},"111":{"start":{"line":213,"column":4},"end":{"line":215,"column":70}},"112":{"start":{"line":217,"column":4},"end":{"line":217,"column":23}},"113":{"start":{"line":218,"column":4},"end":{"line":218,"column":62}},"114":{"start":{"line":222,"column":0},"end":{"line":230,"column":2}}},"fnMap":{"0":{"name":"(anonymous_0)","decl":{"start":{"line":5,"column":21},"end":{"line":5,"column":22}},"loc":{"start":{"line":5,"column":41},"end":{"line":29,"column":1}},"line":5},"1":{"name":"(anonymous_1)","decl":{"start":{"line":31,"column":18},"end":{"line":31,"column":19}},"loc":{"start":{"line":31,"column":44},"end":{"line":71,"column":1}},"line":31},"2":{"name":"(anonymous_2)","decl":{"start":{"line":73,"column":19},"end":{"line":73,"column":20}},"loc":{"start":{"line":73,"column":39},"end":{"line":87,"column":1}},"line":73},"3":{"name":"(anonymous_3)","decl":{"start":{"line":89,"column":19},"end":{"line":89,"column":20}},"loc":{"start":{"line":89,"column":39},"end":{"line":130,"column":1}},"line":89},"4":{"name":"(anonymous_4)","decl":{"start":{"line":132,"column":22},"end":{"line":132,"column":23}},"loc":{"start":{"line":132,"column":42},"end":{"line":155,"column":1}},"line":132},"5":{"name":"(anonymous_5)","decl":{"start":{"line":157,"column":23},"end":{"line":157,"column":24}},"loc":{"start":{"line":157,"column":43},"end":{"line":189,"column":1}},"line":157},"6":{"name":"(anonymous_6)","decl":{"start":{"line":191,"column":19},"end":{"line":191,"column":20}},"loc":{"start":{"line":191,"column":39},"end":{"line":220,"column":1}},"line":191}},"branchMap":{"0":{"loc":{"start":{"line":10,"column":4},"end":{"line":12,"column":5}},"type":"if","locations":[{"start":{"line":10,"column":4},"end":{"line":12,"column":5}},{"start":{},"end":{}}],"line":10},"1":{"loc":{"start":{"line":34,"column":2},"end":{"line":36,"column":3}},"type":"if","locations":[{"start":{"line":34,"column":2},"end":{"line":36,"column":3}},{"start":{},"end":{}}],"line":34},"2":{"loc":{"start":{"line":38,"column":2},"end":{"line":40,"column":3}},"type":"if","locations":[{"start":{"line":38,"column":2},"end":{"line":40,"column":3}},{"start":{},"end":{}}],"line":38},"3":{"loc":{"start":{"line":45,"column":4},"end":{"line":47,"column":5}},"type":"if","locations":[{"start":{"line":45,"column":4},"end":{"line":47,"column":5}},{"start":{},"end":{}}],"line":45},"4":{"loc":{"start":{"line":51,"column":4},"end":{"line":54,"column":5}},"type":"if","locations":[{"start":{"line":51,"column":4},"end":{"line":54,"column":5}},{"start":{},"end":{}}],"line":51},"5":{"loc":{"start":{"line":58,"column":4},"end":{"line":66,"column":5}},"type":"if","locations":[{"start":{"line":58,"column":4},"end":{"line":66,"column":5}},{"start":{"line":64,"column":11},"end":{"line":66,"column":5}}],"line":58},"6":{"loc":{"start":{"line":76,"column":4},"end":{"line":78,"column":5}},"type":"if","locations":[{"start":{"line":76,"column":4},"end":{"line":78,"column":5}},{"start":{},"end":{}}],"line":76},"7":{"loc":{"start":{"line":80,"column":4},"end":{"line":82,"column":5}},"type":"if","locations":[{"start":{"line":80,"column":4},"end":{"line":82,"column":5}},{"start":{},"end":{}}],"line":80},"8":{"loc":{"start":{"line":97,"column":4},"end":{"line":100,"column":5}},"type":"if","locations":[{"start":{"line":97,"column":4},"end":{"line":100,"column":5}},{"start":{},"end":{}}],"line":97},"9":{"loc":{"start":{"line":102,"column":4},"end":{"line":104,"column":5}},"type":"if","locations":[{"start":{"line":102,"column":4},"end":{"line":104,"column":5}},{"start":{},"end":{}}],"line":102},"10":{"loc":{"start":{"line":110,"column":4},"end":{"line":112,"column":5}},"type":"if","locations":[{"start":{"line":110,"column":4},"end":{"line":112,"column":5}},{"start":{},"end":{}}],"line":110},"11":{"loc":{"start":{"line":115,"column":6},"end":{"line":117,"column":61}},"type":"cond-expr","locations":[{"start":{"line":116,"column":10},"end":{"line":116,"column":66}},{"start":{"line":117,"column":10},"end":{"line":117,"column":61}}],"line":115},"12":{"loc":{"start":{"line":119,"column":4},"end":{"line":121,"column":5}},"type":"if","locations":[{"start":{"line":119,"column":4},"end":{"line":121,"column":5}},{"start":{},"end":{}}],"line":119},"13":{"loc":{"start":{"line":136,"column":2},"end":{"line":138,"column":3}},"type":"if","locations":[{"start":{"line":136,"column":2},"end":{"line":138,"column":3}},{"start":{},"end":{}}],"line":136},"14":{"loc":{"start":{"line":136,"column":6},"end":{"line":136,"column":22}},"type":"binary-expr","locations":[{"start":{"line":136,"column":6},"end":{"line":136,"column":13}},{"start":{"line":136,"column":17},"end":{"line":136,"column":22}}],"line":136},"15":{"loc":{"start":{"line":142,"column":6},"end":{"line":148,"column":19}},"type":"cond-expr","locations":[{"start":{"line":143,"column":10},"end":{"line":145,"column":19}},{"start":{"line":146,"column":10},"end":{"line":148,"column":19}}],"line":142},"16":{"loc":{"start":{"line":162,"column":6},"end":{"line":164,"column":49}},"type":"cond-expr","locations":[{"start":{"line":163,"column":10},"end":{"line":163,"column":54}},{"start":{"line":164,"column":10},"end":{"line":164,"column":49}}],"line":162},"17":{"loc":{"start":{"line":166,"column":4},"end":{"line":168,"column":5}},"type":"if","locations":[{"start":{"line":166,"column":4},"end":{"line":168,"column":5}},{"start":{},"end":{}}],"line":166},"18":{"loc":{"start":{"line":172,"column":4},"end":{"line":180,"column":5}},"type":"if","locations":[{"start":{"line":172,"column":4},"end":{"line":180,"column":5}},{"start":{},"end":{}}],"line":172},"19":{"loc":{"start":{"line":196,"column":6},"end":{"line":198,"column":49}},"type":"cond-expr","locations":[{"start":{"line":197,"column":10},"end":{"line":197,"column":54}},{"start":{"line":198,"column":10},"end":{"line":198,"column":49}}],"line":196},"20":{"loc":{"start":{"line":200,"column":4},"end":{"line":202,"column":5}},"type":"if","locations":[{"start":{"line":200,"column":4},"end":{"line":202,"column":5}},{"start":{},"end":{}}],"line":200},"21":{"loc":{"start":{"line":206,"column":4},"end":{"line":211,"column":5}},"type":"if","locations":[{"start":{"line":206,"column":4},"end":{"line":211,"column":5}},{"start":{},"end":{}}],"line":206},"22":{"loc":{"start":{"line":207,"column":13},"end":{"line":207,"column":52}},"type":"cond-expr","locations":[{"start":{"line":207,"column":36},"end":{"line":207,"column":45}},{"start":{"line":207,"column":48},"end":{"line":207,"column":52}}],"line":207}},"s":{"0":5,"1":5,"2":5,"3":5,"4":21,"5":21,"6":21,"7":21,"8":0,"9":21,"10":21,"11":21,"12":21,"13":21,"14":21,"15":21,"16":0,"17":0,"18":5,"19":5,"20":5,"21":0,"22":5,"23":0,"24":5,"25":5,"26":5,"27":1,"28":5,"29":5,"30":1,"31":1,"32":4,"33":4,"34":3,"35":3,"36":3,"37":3,"38":1,"39":0,"40":0,"41":5,"42":2,"43":2,"44":2,"45":1,"46":1,"47":1,"48":0,"49":1,"50":0,"51":5,"52":2,"53":2,"54":2,"55":2,"56":2,"57":2,"58":0,"59":0,"60":2,"61":0,"62":2,"63":2,"64":2,"65":1,"66":1,"67":1,"68":0,"69":1,"70":1,"71":0,"72":0,"73":5,"74":3,"75":3,"76":3,"77":1,"78":2,"79":2,"80":2,"81":0,"82":0,"83":5,"84":2,"85":2,"86":2,"87":2,"88":0,"89":2,"90":2,"91":2,"92":1,"93":1,"94":1,"95":1,"96":1,"97":1,"98":1,"99":0,"100":0,"101":5,"102":4,"103":4,"104":4,"105":4,"106":1,"107":3,"108":3,"109":1,"110":1,"111":2,"112":0,"113":0,"114":5},"f":{"0":21,"1":5,"2":2,"3":2,"4":3,"5":2,"6":4},"b":{"0":[0,21],"1":[0,5],"2":[0,5],"3":[1,4],"4":[1,4],"5":[3,1],"6":[1,1],"7":[0,1],"8":[0,2],"9":[0,2],"10":[1,1],"11":[0,1],"12":[0,1],"13":[1,2],"14":[3,2],"15":[0,2],"16":[0,2],"17":[0,2],"18":[1,1],"19":[0,4],"20":[1,3],"21":[1,2],"22":[0,1]},"_coverageSchema":"1a1c01bbd47fc00a2c39e90264f33305004495a9","hash":"6e2d457529ee768e2d26e6f97c099b81084348e0"}
,"C:\\Users\\raluf\\Documents\\Programming\\react\\chiryo\\server\\middleware\\auth.js": {"path":"C:\\Users\\raluf\\Documents\\Programming\\react\\chiryo\\server\\middleware\\auth.js","statementMap":{"0":{"start":{"line":1,"column":12},"end":{"line":1,"column":35}},"1":{"start":{"line":2,"column":13},"end":{"line":2,"column":38}},"2":{"start":{"line":3,"column":18},"end":{"line":3,"column":48}},"3":{"start":{"line":11,"column":20},"end":{"line":43,"column":1}},"4":{"start":{"line":12,"column":2},"end":{"line":42,"column":3}},"5":{"start":{"line":13,"column":4},"end":{"line":16,"column":5}},"6":{"start":{"line":14,"column":6},"end":{"line":14,"column":38}},"7":{"start":{"line":15,"column":6},"end":{"line":15,"column":62}},"8":{"start":{"line":18,"column":18},"end":{"line":24,"column":5}},"9":{"start":{"line":26,"column":23},"end":{"line":33,"column":5}},"10":{"start":{"line":35,"column":4},"end":{"line":35,"column":28}},"11":{"start":{"line":37,"column":4},"end":{"line":39,"column":64}},"12":{"start":{"line":41,"column":4},"end":{"line":41,"column":61}},"13":{"start":{"line":51,"column":20},"end":{"line":82,"column":1}},"14":{"start":{"line":52,"column":16},"end":{"line":52,"column":59}},"15":{"start":{"line":53,"column":23},"end":{"line":53,"column":36}},"16":{"start":{"line":56,"column":2},"end":{"line":63,"column":3}},"17":{"start":{"line":57,"column":20},"end":{"line":57,"column":61}},"18":{"start":{"line":58,"column":4},"end":{"line":60,"column":5}},"19":{"start":{"line":59,"column":6},"end":{"line":59,"column":75}},"20":{"start":{"line":62,"column":4},"end":{"line":62,"column":73}},"21":{"start":{"line":65,"column":2},"end":{"line":81,"column":3}},"22":{"start":{"line":66,"column":4},"end":{"line":66,"column":51}},"23":{"start":{"line":68,"column":4},"end":{"line":70,"column":5}},"24":{"start":{"line":69,"column":6},"end":{"line":69,"column":58}},"25":{"start":{"line":72,"column":4},"end":{"line":74,"column":5}},"26":{"start":{"line":73,"column":6},"end":{"line":73,"column":62}},"27":{"start":{"line":76,"column":4},"end":{"line":76,"column":27}},"28":{"start":{"line":77,"column":4},"end":{"line":77,"column":18}},"29":{"start":{"line":79,"column":4},"end":{"line":79,"column":23}},"30":{"start":{"line":80,"column":4},"end":{"line":80,"column":52}},"31":{"start":{"line":84,"column":21},"end":{"line":95,"column":1}},"32":{"start":{"line":85,"column":2},"end":{"line":92,"column":3}},"33":{"start":{"line":86,"column":20},"end":{"line":86,"column":41}},"34":{"start":{"line":87,"column":4},"end":{"line":89,"column":5}},"35":{"start":{"line":88,"column":6},"end":{"line":88,"column":52}},"36":{"start":{"line":91,"column":4},"end":{"line":91,"column":46}},"37":{"start":{"line":94,"column":2},"end":{"line":94,"column":16}},"38":{"start":{"line":97,"column":0},"end":{"line":97,"column":60}}},"fnMap":{"0":{"name":"(anonymous_0)","decl":{"start":{"line":11,"column":20},"end":{"line":11,"column":21}},"loc":{"start":{"line":11,"column":40},"end":{"line":43,"column":1}},"line":11},"1":{"name":"(anonymous_1)","decl":{"start":{"line":51,"column":20},"end":{"line":51,"column":21}},"loc":{"start":{"line":51,"column":46},"end":{"line":82,"column":1}},"line":51},"2":{"name":"(anonymous_2)","decl":{"start":{"line":84,"column":21},"end":{"line":84,"column":22}},"loc":{"start":{"line":84,"column":41},"end":{"line":95,"column":1}},"line":84}},"branchMap":{"0":{"loc":{"start":{"line":13,"column":4},"end":{"line":16,"column":5}},"type":"if","locations":[{"start":{"line":13,"column":4},"end":{"line":16,"column":5}},{"start":{},"end":{}}],"line":13},"1":{"loc":{"start":{"line":58,"column":4},"end":{"line":60,"column":5}},"type":"if","locations":[{"start":{"line":58,"column":4},"end":{"line":60,"column":5}},{"start":{},"end":{}}],"line":58},"2":{"loc":{"start":{"line":68,"column":4},"end":{"line":70,"column":5}},"type":"if","locations":[{"start":{"line":68,"column":4},"end":{"line":70,"column":5}},{"start":{},"end":{}}],"line":68},"3":{"loc":{"start":{"line":72,"column":4},"end":{"line":74,"column":5}},"type":"if","locations":[{"start":{"line":72,"column":4},"end":{"line":74,"column":5}},{"start":{},"end":{}}],"line":72},"4":{"loc":{"start":{"line":87,"column":4},"end":{"line":89,"column":5}},"type":"if","locations":[{"start":{"line":87,"column":4},"end":{"line":89,"column":5}},{"start":{},"end":{}}],"line":87},"5":{"loc":{"start":{"line":87,"column":8},"end":{"line":87,"column":74}},"type":"binary-expr","locations":[{"start":{"line":87,"column":8},"end":{"line":87,"column":16}},{"start":{"line":87,"column":20},"end":{"line":87,"column":49}},{"start":{"line":87,"column":53},"end":{"line":87,"column":74}}],"line":87}},"s":{"0":5,"1":5,"2":5,"3":5,"4":3,"5":3,"6":0,"7":0,"8":3,"9":3,"10":3,"11":3,"12":0,"13":5,"14":27,"15":27,"16":27,"17":27,"18":24,"19":0,"20":3,"21":24,"22":24,"23":24,"24":0,"25":24,"26":0,"27":24,"28":24,"29":0,"30":0,"31":5,"32":10,"33":10,"34":10,"35":1,"36":0,"37":9,"38":5},"f":{"0":3,"1":27,"2":10},"b":{"0":[0,3],"1":[0,24],"2":[0,24],"3":[0,24],"4":[1,9],"5":[10,9,9]},"_coverageSchema":"1a1c01bbd47fc00a2c39e90264f33305004495a9","hash":"1de83cba43792a73b9ac26c235a4539a229b6c42"}
,"C:\\Users\\raluf\\Documents\\Programming\\react\\chiryo\\server\\models\\application.js": {"path":"C:\\Users\\raluf\\Documents\\Programming\\react\\chiryo\\server\\models\\application.js","statementMap":{"0":{"start":{"line":1,"column":17},"end":{"line":1,"column":36}},"1":{"start":{"line":3,"column":15},"end":{"line":3,"column":30}},"2":{"start":{"line":5,"column":26},"end":{"line":67,"column":1}},"3":{"start":{"line":69,"column":20},"end":{"line":69,"column":68}},"4":{"start":{"line":71,"column":0},"end":{"line":71,"column":29}}},"fnMap":{},"branchMap":{},"s":{"0":5,"1":5,"2":5,"3":5,"4":5},"f":{},"b":{},"_coverageSchema":"1a1c01bbd47fc00a2c39e90264f33305004495a9","hash":"eff6e535f145002ca0b40e1b633e29092f420aa7"}
,"C:\\Users\\raluf\\Documents\\Programming\\react\\chiryo\\server\\models\\dashboard.js": {"path":"C:\\Users\\raluf\\Documents\\Programming\\react\\chiryo\\server\\models\\dashboard.js","statementMap":{"0":{"start":{"line":1,"column":17},"end":{"line":1,"column":36}},"1":{"start":{"line":2,"column":13},"end":{"line":2,"column":30}},"2":{"start":{"line":3,"column":18},"end":{"line":3,"column":40}},"3":{"start":{"line":5,"column":15},"end":{"line":5,"column":30}},"4":{"start":{"line":7,"column":24},"end":{"line":84,"column":1}},"5":{"start":{"line":63,"column":8},"end":{"line":70,"column":11}},"6":{"start":{"line":73,"column":8},"end":{"line":79,"column":11}},"7":{"start":{"line":86,"column":18},"end":{"line":86,"column":62}},"8":{"start":{"line":88,"column":0},"end":{"line":88,"column":27}}},"fnMap":{"0":{"name":"(anonymous_0)","decl":{"start":{"line":62,"column":6},"end":{"line":62,"column":7}},"loc":{"start":{"line":62,"column":29},"end":{"line":71,"column":7}},"line":62},"1":{"name":"(anonymous_1)","decl":{"start":{"line":72,"column":6},"end":{"line":72,"column":7}},"loc":{"start":{"line":72,"column":24},"end":{"line":80,"column":7}},"line":72}},"branchMap":{},"s":{"0":5,"1":5,"2":5,"3":5,"4":5,"5":0,"6":0,"7":5,"8":5},"f":{"0":0,"1":0},"b":{},"_coverageSchema":"1a1c01bbd47fc00a2c39e90264f33305004495a9","hash":"6485286d534eead7855acc8b54ee247bfcd7277b"}
,"C:\\Users\\raluf\\Documents\\Programming\\react\\chiryo\\server\\models\\therapist.js": {"path":"C:\\Users\\raluf\\Documents\\Programming\\react\\chiryo\\server\\models\\therapist.js","statementMap":{"0":{"start":{"line":1,"column":17},"end":{"line":1,"column":36}},"1":{"start":{"line":3,"column":15},"end":{"line":3,"column":30}},"2":{"start":{"line":5,"column":24},"end":{"line":74,"column":1}},"3":{"start":{"line":18,"column":8},"end":{"line":18,"column":40}},"4":{"start":{"line":24,"column":8},"end":{"line":24,"column":34}},"5":{"start":{"line":76,"column":18},"end":{"line":76,"column":62}},"6":{"start":{"line":78,"column":0},"end":{"line":78,"column":27}}},"fnMap":{"0":{"name":"(anonymous_0)","decl":{"start":{"line":17,"column":16},"end":{"line":17,"column":17}},"loc":{"start":{"line":17,"column":22},"end":{"line":19,"column":7}},"line":17},"1":{"name":"(anonymous_1)","decl":{"start":{"line":23,"column":16},"end":{"line":23,"column":17}},"loc":{"start":{"line":23,"column":22},"end":{"line":25,"column":7}},"line":23}},"branchMap":{},"s":{"0":5,"1":5,"2":5,"3":23,"4":23,"5":5,"6":5},"f":{"0":23,"1":23},"b":{},"_coverageSchema":"1a1c01bbd47fc00a2c39e90264f33305004495a9","hash":"fa103214e4e173a550a924e13661dcc57a4e16fa"}
,"C:\\Users\\raluf\\Documents\\Programming\\react\\chiryo\\server\\models\\user.js": {"path":"C:\\Users\\raluf\\Documents\\Programming\\react\\chiryo\\server\\models\\user.js","statementMap":{"0":{"start":{"line":1,"column":17},"end":{"line":1,"column":36}},"1":{"start":{"line":3,"column":15},"end":{"line":3,"column":30}},"2":{"start":{"line":5,"column":19},"end":{"line":60,"column":1}},"3":{"start":{"line":62,"column":13},"end":{"line":62,"column":47}},"4":{"start":{"line":64,"column":0},"end":{"line":64,"column":22}}},"fnMap":{},"branchMap":{},"s":{"0":5,"1":5,"2":5,"3":5,"4":5},"f":{},"b":{},"_coverageSchema":"1a1c01bbd47fc00a2c39e90264f33305004495a9","hash":"95c13376f7b6342d856cfc8f80754d8fdef5d5ab"}
,"C:\\Users\\raluf\\Documents\\Programming\\react\\chiryo\\server\\routes\\admin.js": {"path":"C:\\Users\\raluf\\Documents\\Programming\\react\\chiryo\\server\\routes\\admin.js","statementMap":{"0":{"start":{"line":6,"column":4},"end":{"line":6,"column":50}},"1":{"start":{"line":7,"column":16},"end":{"line":7,"column":34}},"2":{"start":{"line":8,"column":15},"end":{"line":8,"column":31}},"3":{"start":{"line":10,"column":0},"end":{"line":10,"column":60}},"4":{"start":{"line":12,"column":0},"end":{"line":12,"column":61}},"5":{"start":{"line":14,"column":0},"end":{"line":14,"column":54}},"6":{"start":{"line":16,"column":0},"end":{"line":16,"column":54}},"7":{"start":{"line":18,"column":0},"end":{"line":18,"column":24}}},"fnMap":{},"branchMap":{},"s":{"0":5,"1":5,"2":5,"3":5,"4":5,"5":5,"6":5,"7":5},"f":{},"b":{},"_coverageSchema":"1a1c01bbd47fc00a2c39e90264f33305004495a9","hash":"0b11334f28c1b8b65eb67f39439177d3362f37a9"}
,"C:\\Users\\raluf\\Documents\\Programming\\react\\chiryo\\server\\routes\\dashboard.js": {"path":"C:\\Users\\raluf\\Documents\\Programming\\react\\chiryo\\server\\routes\\dashboard.js","statementMap":{"0":{"start":{"line":7,"column":4},"end":{"line":7,"column":48}},"1":{"start":{"line":8,"column":16},"end":{"line":8,"column":34}},"2":{"start":{"line":9,"column":15},"end":{"line":9,"column":31}},"3":{"start":{"line":11,"column":0},"end":{"line":11,"column":59}},"4":{"start":{"line":13,"column":0},"end":{"line":13,"column":40}},"5":{"start":{"line":15,"column":0},"end":{"line":15,"column":46}},"6":{"start":{"line":17,"column":0},"end":{"line":17,"column":39}},"7":{"start":{"line":19,"column":0},"end":{"line":19,"column":53}},"8":{"start":{"line":21,"column":0},"end":{"line":21,"column":24}}},"fnMap":{},"branchMap":{},"s":{"0":5,"1":5,"2":5,"3":5,"4":5,"5":5,"6":5,"7":5,"8":5},"f":{},"b":{},"_coverageSchema":"1a1c01bbd47fc00a2c39e90264f33305004495a9","hash":"f26b6d26cc1254ac59aa0fe3911619420af40ed6"}
,"C:\\Users\\raluf\\Documents\\Programming\\react\\chiryo\\server\\routes\\enrol.js": {"path":"C:\\Users\\raluf\\Documents\\Programming\\react\\chiryo\\server\\routes\\enrol.js","statementMap":{"0":{"start":{"line":1,"column":28},"end":{"line":1,"column":74}},"1":{"start":{"line":2,"column":16},"end":{"line":2,"column":34}},"2":{"start":{"line":3,"column":15},"end":{"line":3,"column":31}},"3":{"start":{"line":5,"column":0},"end":{"line":5,"column":39}},"4":{"start":{"line":7,"column":0},"end":{"line":7,"column":24}}},"fnMap":{},"branchMap":{},"s":{"0":5,"1":5,"2":5,"3":5,"4":5},"f":{},"b":{},"_coverageSchema":"1a1c01bbd47fc00a2c39e90264f33305004495a9","hash":"b44d650686b2a18d91a617929dc18d979a1ce607"}
,"C:\\Users\\raluf\\Documents\\Programming\\react\\chiryo\\server\\routes\\matching.js": {"path":"C:\\Users\\raluf\\Documents\\Programming\\react\\chiryo\\server\\routes\\matching.js","statementMap":{"0":{"start":{"line":1,"column":35},"end":{"line":1,"column":75}},"1":{"start":{"line":2,"column":30},"end":{"line":2,"column":74}},"2":{"start":{"line":3,"column":16},"end":{"line":3,"column":34}},"3":{"start":{"line":4,"column":15},"end":{"line":4,"column":31}},"4":{"start":{"line":6,"column":0},"end":{"line":6,"column":72}},"5":{"start":{"line":8,"column":0},"end":{"line":8,"column":24}}},"fnMap":{},"branchMap":{},"s":{"0":5,"1":5,"2":5,"3":5,"4":5,"5":5},"f":{},"b":{},"_coverageSchema":"1a1c01bbd47fc00a2c39e90264f33305004495a9","hash":"1d650c074e044699ae34fcdb1b1887a0cf5118d5"}
,"C:\\Users\\raluf\\Documents\\Programming\\react\\chiryo\\server\\routes\\user.js": {"path":"C:\\Users\\raluf\\Documents\\Programming\\react\\chiryo\\server\\routes\\user.js","statementMap":{"0":{"start":{"line":1,"column":16},"end":{"line":1,"column":34}},"1":{"start":{"line":2,"column":35},"end":{"line":2,"column":63}},"2":{"start":{"line":11,"column":4},"end":{"line":11,"column":43}},"3":{"start":{"line":12,"column":24},"end":{"line":12,"column":53}},"4":{"start":{"line":13,"column":15},"end":{"line":13,"column":31}},"5":{"start":{"line":15,"column":31},"end":{"line":19,"column":1}},"6":{"start":{"line":21,"column":24},"end":{"line":24,"column":1}},"7":{"start":{"line":26,"column":32},"end":{"line":30,"column":1}},"8":{"start":{"line":32,"column":33},"end":{"line":36,"column":1}},"9":{"start":{"line":38,"column":0},"end":{"line":49,"column":2}},"10":{"start":{"line":42,"column":19},"end":{"line":42,"column":40}},"11":{"start":{"line":43,"column":4},"end":{"line":45,"column":5}},"12":{"start":{"line":44,"column":6},"end":{"line":44,"column":62}},"13":{"start":{"line":46,"column":4},"end":{"line":46,"column":11}},"14":{"start":{"line":51,"column":0},"end":{"line":68,"column":2}},"15":{"start":{"line":55,"column":19},"end":{"line":55,"column":40}},"16":{"start":{"line":56,"column":4},"end":{"line":63,"column":5}},"17":{"start":{"line":57,"column":6},"end":{"line":57,"column":28}},"18":{"start":{"line":58,"column":6},"end":{"line":58,"column":29}},"19":{"start":{"line":59,"column":6},"end":{"line":59,"column":33}},"20":{"start":{"line":60,"column":6},"end":{"line":60,"column":31}},"21":{"start":{"line":61,"column":6},"end":{"line":61,"column":42}},"22":{"start":{"line":62,"column":6},"end":{"line":62,"column":62}},"23":{"start":{"line":64,"column":4},"end":{"line":64,"column":11}},"24":{"start":{"line":70,"column":0},"end":{"line":70,"column":35}},"25":{"start":{"line":72,"column":0},"end":{"line":83,"column":2}},"26":{"start":{"line":76,"column":19},"end":{"line":76,"column":40}},"27":{"start":{"line":77,"column":4},"end":{"line":79,"column":5}},"28":{"start":{"line":78,"column":6},"end":{"line":78,"column":62}},"29":{"start":{"line":80,"column":4},"end":{"line":80,"column":11}},"30":{"start":{"line":85,"column":0},"end":{"line":85,"column":48}},"31":{"start":{"line":87,"column":0},"end":{"line":98,"column":2}},"32":{"start":{"line":91,"column":19},"end":{"line":91,"column":40}},"33":{"start":{"line":92,"column":4},"end":{"line":94,"column":5}},"34":{"start":{"line":93,"column":6},"end":{"line":93,"column":62}},"35":{"start":{"line":95,"column":4},"end":{"line":95,"column":11}},"36":{"start":{"line":100,"column":0},"end":{"line":111,"column":2}},"37":{"start":{"line":104,"column":19},"end":{"line":104,"column":40}},"38":{"start":{"line":105,"column":4},"end":{"line":107,"column":5}},"39":{"start":{"line":106,"column":6},"end":{"line":106,"column":62}},"40":{"start":{"line":108,"column":4},"end":{"line":108,"column":11}},"41":{"start":{"line":113,"column":0},"end":{"line":113,"column":24}}},"fnMap":{"0":{"name":"(anonymous_0)","decl":{"start":{"line":41,"column":2},"end":{"line":41,"column":3}},"loc":{"start":{"line":41,"column":22},"end":{"line":47,"column":3}},"line":41},"1":{"name":"(anonymous_1)","decl":{"start":{"line":54,"column":2},"end":{"line":54,"column":3}},"loc":{"start":{"line":54,"column":22},"end":{"line":65,"column":3}},"line":54},"2":{"name":"(anonymous_2)","decl":{"start":{"line":75,"column":2},"end":{"line":75,"column":3}},"loc":{"start":{"line":75,"column":22},"end":{"line":81,"column":3}},"line":75},"3":{"name":"(anonymous_3)","decl":{"start":{"line":90,"column":2},"end":{"line":90,"column":3}},"loc":{"start":{"line":90,"column":22},"end":{"line":96,"column":3}},"line":90},"4":{"name":"(anonymous_4)","decl":{"start":{"line":103,"column":2},"end":{"line":103,"column":3}},"loc":{"start":{"line":103,"column":22},"end":{"line":109,"column":3}},"line":103}},"branchMap":{"0":{"loc":{"start":{"line":43,"column":4},"end":{"line":45,"column":5}},"type":"if","locations":[{"start":{"line":43,"column":4},"end":{"line":45,"column":5}},{"start":{},"end":{}}],"line":43},"1":{"loc":{"start":{"line":56,"column":4},"end":{"line":63,"column":5}},"type":"if","locations":[{"start":{"line":56,"column":4},"end":{"line":63,"column":5}},{"start":{},"end":{}}],"line":56},"2":{"loc":{"start":{"line":77,"column":4},"end":{"line":79,"column":5}},"type":"if","locations":[{"start":{"line":77,"column":4},"end":{"line":79,"column":5}},{"start":{},"end":{}}],"line":77},"3":{"loc":{"start":{"line":92,"column":4},"end":{"line":94,"column":5}},"type":"if","locations":[{"start":{"line":92,"column":4},"end":{"line":94,"column":5}},{"start":{},"end":{}}],"line":92},"4":{"loc":{"start":{"line":105,"column":4},"end":{"line":107,"column":5}},"type":"if","locations":[{"start":{"line":105,"column":4},"end":{"line":107,"column":5}},{"start":{},"end":{}}],"line":105}},"s":{"0":5,"1":5,"2":5,"3":5,"4":5,"5":5,"6":5,"7":5,"8":5,"9":5,"10":25,"11":25,"12":4,"13":21,"14":5,"15":5,"16":5,"17":0,"18":0,"19":0,"20":0,"21":0,"22":0,"23":5,"24":5,"25":5,"26":4,"27":4,"28":2,"29":2,"30":5,"31":5,"32":4,"33":4,"34":2,"35":2,"36":5,"37":6,"38":6,"39":2,"40":4,"41":5},"f":{"0":25,"1":5,"2":4,"3":4,"4":6},"b":{"0":[4,21],"1":[0,5],"2":[2,2],"3":[2,2],"4":[2,4]},"_coverageSchema":"1a1c01bbd47fc00a2c39e90264f33305004495a9","hash":"9b1d40dc27ba375e4959ea7723cbcfdf9410c35e"}
,"C:\\Users\\raluf\\Documents\\Programming\\react\\chiryo\\server\\utils\\matchingAlgo.js": {"path":"C:\\Users\\raluf\\Documents\\Programming\\react\\chiryo\\server\\utils\\matchingAlgo.js","statementMap":{"0":{"start":{"line":1,"column":25},"end":{"line":1,"column":53}},"1":{"start":{"line":2,"column":18},"end":{"line":2,"column":48}},"2":{"start":{"line":12,"column":15},"end":{"line":12,"column":35}},"3":{"start":{"line":13,"column":19},"end":{"line":13,"column":20}},"4":{"start":{"line":14,"column":14},"end":{"line":14,"column":15}},"5":{"start":{"line":16,"column":2},"end":{"line":34,"column":5}},"6":{"start":{"line":17,"column":19},"end":{"line":17,"column":31}},"7":{"start":{"line":18,"column":19},"end":{"line":18,"column":31}},"8":{"start":{"line":20,"column":4},"end":{"line":32,"column":5}},"9":{"start":{"line":22,"column":18},"end":{"line":22,"column":42}},"10":{"start":{"line":23,"column":18},"end":{"line":23,"column":42}},"11":{"start":{"line":24,"column":20},"end":{"line":24,"column":49}},"12":{"start":{"line":25,"column":6},"end":{"line":25,"column":26}},"13":{"start":{"line":26,"column":11},"end":{"line":32,"column":5}},"14":{"start":{"line":28,"column":20},"end":{"line":28,"column":78}},"15":{"start":{"line":29,"column":6},"end":{"line":29,"column":26}},"16":{"start":{"line":33,"column":4},"end":{"line":33,"column":12}},"17":{"start":{"line":36,"column":2},"end":{"line":36,"column":44}},"18":{"start":{"line":46,"column":16},"end":{"line":46,"column":36}},"19":{"start":{"line":47,"column":16},"end":{"line":47,"column":36}},"20":{"start":{"line":49,"column":2},"end":{"line":51,"column":3}},"21":{"start":{"line":50,"column":4},"end":{"line":50,"column":17}},"22":{"start":{"line":53,"column":2},"end":{"line":64,"column":3}},"23":{"start":{"line":54,"column":4},"end":{"line":56,"column":5}},"24":{"start":{"line":55,"column":6},"end":{"line":55,"column":19}},"25":{"start":{"line":57,"column":4},"end":{"line":63,"column":5}},"26":{"start":{"line":58,"column":6},"end":{"line":60,"column":7}},"27":{"start":{"line":59,"column":8},"end":{"line":59,"column":21}},"28":{"start":{"line":61,"column":11},"end":{"line":63,"column":5}},"29":{"start":{"line":62,"column":6},"end":{"line":62,"column":19}},"30":{"start":{"line":66,"column":2},"end":{"line":66,"column":14}},"31":{"start":{"line":69,"column":28},"end":{"line":77,"column":1}},"32":{"start":{"line":70,"column":2},"end":{"line":76,"column":3}},"33":{"start":{"line":71,"column":23},"end":{"line":71,"column":47}},"34":{"start":{"line":72,"column":4},"end":{"line":72,"column":22}},"35":{"start":{"line":74,"column":4},"end":{"line":74,"column":57}},"36":{"start":{"line":75,"column":4},"end":{"line":75,"column":67}},"37":{"start":{"line":96,"column":28},"end":{"line":96,"column":30}},"38":{"start":{"line":98,"column":15},"end":{"line":103,"column":3}},"39":{"start":{"line":106,"column":2},"end":{"line":110,"column":3}},"40":{"start":{"line":107,"column":4},"end":{"line":109,"column":5}},"41":{"start":{"line":108,"column":6},"end":{"line":108,"column":13}},"42":{"start":{"line":112,"column":25},"end":{"line":112,"column":52}},"43":{"start":{"line":114,"column":2},"end":{"line":120,"column":3}},"44":{"start":{"line":115,"column":27},"end":{"line":115,"column":64}},"45":{"start":{"line":116,"column":4},"end":{"line":119,"column":7}},"46":{"start":{"line":141,"column":21},"end":{"line":143,"column":16}},"47":{"start":{"line":142,"column":20},"end":{"line":142,"column":63}},"48":{"start":{"line":145,"column":34},"end":{"line":145,"column":68}},"49":{"start":{"line":145,"column":56},"end":{"line":145,"column":67}},"50":{"start":{"line":147,"column":17},"end":{"line":150,"column":3}},"51":{"start":{"line":152,"column":2},"end":{"line":152,"column":16}},"52":{"start":{"line":155,"column":0},"end":{"line":160,"column":2}}},"fnMap":{"0":{"name":"calculateCorrelation","decl":{"start":{"line":11,"column":9},"end":{"line":11,"column":29}},"loc":{"start":{"line":11,"column":48},"end":{"line":37,"column":1}},"line":11},"1":{"name":"(anonymous_1)","decl":{"start":{"line":16,"column":15},"end":{"line":16,"column":16}},"loc":{"start":{"line":16,"column":24},"end":{"line":34,"column":3}},"line":16},"2":{"name":"assertObject","decl":{"start":{"line":45,"column":9},"end":{"line":45,"column":21}},"loc":{"start":{"line":45,"column":40},"end":{"line":67,"column":1}},"line":45},"3":{"name":"(anonymous_3)","decl":{"start":{"line":69,"column":28},"end":{"line":69,"column":29}},"loc":{"start":{"line":69,"column":40},"end":{"line":77,"column":1}},"line":69},"4":{"name":"matchObject","decl":{"start":{"line":95,"column":15},"end":{"line":95,"column":26}},"loc":{"start":{"line":95,"column":37},"end":{"line":153,"column":1}},"line":95},"5":{"name":"(anonymous_5)","decl":{"start":{"line":142,"column":10},"end":{"line":142,"column":11}},"loc":{"start":{"line":142,"column":20},"end":{"line":142,"column":63}},"line":142},"6":{"name":"(anonymous_6)","decl":{"start":{"line":145,"column":49},"end":{"line":145,"column":50}},"loc":{"start":{"line":145,"column":56},"end":{"line":145,"column":67}},"line":145}},"branchMap":{"0":{"loc":{"start":{"line":20,"column":4},"end":{"line":32,"column":5}},"type":"if","locations":[{"start":{"line":20,"column":4},"end":{"line":32,"column":5}},{"start":{"line":26,"column":11},"end":{"line":32,"column":5}}],"line":20},"1":{"loc":{"start":{"line":20,"column":8},"end":{"line":20,"column":64}},"type":"binary-expr","locations":[{"start":{"line":20,"column":8},"end":{"line":20,"column":34}},{"start":{"line":20,"column":38},"end":{"line":20,"column":64}}],"line":20},"2":{"loc":{"start":{"line":26,"column":11},"end":{"line":32,"column":5}},"type":"if","locations":[{"start":{"line":26,"column":11},"end":{"line":32,"column":5}},{"start":{"line":30,"column":11},"end":{"line":32,"column":5}}],"line":26},"3":{"loc":{"start":{"line":26,"column":15},"end":{"line":26,"column":71}},"type":"binary-expr","locations":[{"start":{"line":26,"column":15},"end":{"line":26,"column":41}},{"start":{"line":26,"column":45},"end":{"line":26,"column":71}}],"line":26},"4":{"loc":{"start":{"line":36,"column":9},"end":{"line":36,"column":43}},"type":"cond-expr","locations":[{"start":{"line":36,"column":21},"end":{"line":36,"column":39}},{"start":{"line":36,"column":42},"end":{"line":36,"column":43}}],"line":36},"5":{"loc":{"start":{"line":49,"column":2},"end":{"line":51,"column":3}},"type":"if","locations":[{"start":{"line":49,"column":2},"end":{"line":51,"column":3}},{"start":{},"end":{}}],"line":49},"6":{"loc":{"start":{"line":54,"column":4},"end":{"line":56,"column":5}},"type":"if","locations":[{"start":{"line":54,"column":4},"end":{"line":56,"column":5}},{"start":{},"end":{}}],"line":54},"7":{"loc":{"start":{"line":57,"column":4},"end":{"line":63,"column":5}},"type":"if","locations":[{"start":{"line":57,"column":4},"end":{"line":63,"column":5}},{"start":{"line":61,"column":11},"end":{"line":63,"column":5}}],"line":57},"8":{"loc":{"start":{"line":57,"column":8},"end":{"line":57,"column":76}},"type":"binary-expr","locations":[{"start":{"line":57,"column":8},"end":{"line":57,"column":40}},{"start":{"line":57,"column":44},"end":{"line":57,"column":76}}],"line":57},"9":{"loc":{"start":{"line":58,"column":6},"end":{"line":60,"column":7}},"type":"if","locations":[{"start":{"line":58,"column":6},"end":{"line":60,"column":7}},{"start":{},"end":{}}],"line":58},"10":{"loc":{"start":{"line":61,"column":11},"end":{"line":63,"column":5}},"type":"if","locations":[{"start":{"line":61,"column":11},"end":{"line":63,"column":5}},{"start":{},"end":{}}],"line":61},"11":{"loc":{"start":{"line":107,"column":4},"end":{"line":109,"column":5}},"type":"if","locations":[{"start":{"line":107,"column":4},"end":{"line":109,"column":5}},{"start":{},"end":{}}],"line":107},"12":{"loc":{"start":{"line":107,"column":8},"end":{"line":107,"column":53}},"type":"binary-expr","locations":[{"start":{"line":107,"column":8},"end":{"line":107,"column":26}},{"start":{"line":107,"column":30},"end":{"line":107,"column":53}}],"line":107}},"s":{"0":5,"1":5,"2":21,"3":21,"4":21,"5":21,"6":83,"7":83,"8":83,"9":1,"10":1,"11":1,"12":1,"13":82,"14":42,"15":42,"16":83,"17":21,"18":2,"19":2,"20":2,"21":0,"22":2,"23":4,"24":0,"25":4,"26":0,"27":0,"28":4,"29":1,"30":1,"31":5,"32":5,"33":5,"34":5,"35":0,"36":0,"37":5,"38":5,"39":5,"40":20,"41":0,"42":5,"43":5,"44":20,"45":20,"46":5,"47":60,"48":5,"49":7,"50":5,"51":5,"52":5},"f":{"0":21,"1":83,"2":2,"3":5,"4":5,"5":60,"6":7},"b":{"0":[1,82],"1":[83,1],"2":[42,40],"3":[82,82],"4":[21,0],"5":[0,2],"6":[0,4],"7":[0,4],"8":[4,0],"9":[0,0],"10":[1,3],"11":[0,20],"12":[20,20]},"_coverageSchema":"1a1c01bbd47fc00a2c39e90264f33305004495a9","hash":"38e72c07bf36c6a934ac8eb960dd5c547b2e1f2f"}
}
