TN:
SF:models\therapist.js
FNF:0
FNH:0
DA:1,1
DA:3,1
DA:5,1
DA:66,1
DA:68,1
LF:5
LH:5
BRDA:17,0,0,1
BRDA:17,0,1,0
BRDA:21,1,0,1
BRDA:21,1,1,0
BRF:4
BRH:2
end_of_record
TN:
SF:utils\matchingAlgo.js
FN:11,calculateCorrelation
FN:16,(anonymous_1)
FN:45,assertObject
FN:69,(anonymous_3)
FN:95,matchObject
FN:149,(anonymous_5)
FN:152,(anonymous_6)
FNF:7
FNH:6
FNDA:5,calculateCorrelation
FNDA:19,(anonymous_1)
FNDA:2,assertObject
FNDA:0,(anonymous_3)
FNDA:3,matchObject
FNDA:2,(anonymous_5)
FNDA:4,(anonymous_6)
DA:1,1
DA:2,1
DA:12,5
DA:13,5
DA:14,5
DA:16,5
DA:17,19
DA:18,19
DA:20,19
DA:22,5
DA:23,5
DA:24,5
DA:25,5
DA:26,14
DA:28,13
DA:29,13
DA:33,19
DA:36,5
DA:46,2
DA:47,2
DA:49,2
DA:50,0
DA:53,2
DA:54,4
DA:55,0
DA:57,4
DA:58,0
DA:59,0
DA:61,4
DA:62,1
DA:66,1
DA:69,1
DA:70,0
DA:71,0
DA:72,0
DA:74,0
DA:75,0
DA:96,3
DA:97,3
DA:105,3
DA:117,3
DA:121,3
DA:122,4
DA:123,4
DA:148,3
DA:149,2
DA:152,4
DA:154,3
DA:159,3
DA:162,1
LF:50
LH:41
BRDA:20,0,0,5
BRDA:20,0,1,14
BRDA:20,1,0,19
BRDA:20,1,1,5
BRDA:26,2,0,13
BRDA:26,2,1,1
BRDA:26,3,0,14
BRDA:26,3,1,14
BRDA:36,4,0,5
BRDA:36,4,1,0
BRDA:49,5,0,0
BRDA:49,5,1,2
BRDA:54,6,0,0
BRDA:54,6,1,4
BRDA:57,7,0,0
BRDA:57,7,1,4
BRDA:57,8,0,4
BRDA:57,8,1,0
BRDA:58,9,0,0
BRDA:58,9,1,0
BRDA:61,10,0,1
BRDA:61,10,1,3
BRDA:95,11,0,0
BRF:23
BRH:15
end_of_record
