TN:
SF:index.js
FN:24,(anonymous_0)
FN:29,(anonymous_1)
FN:43,(anonymous_2)
FN:47,(anonymous_3)
FN:48,(anonymous_4)
FN:52,(anonymous_5)
FN:53,(anonymous_6)
FN:57,(anonymous_7)
FN:62,(anonymous_8)
FN:66,(anonymous_9)
FN:70,(anonymous_10)
FNF:11
FNH:4
FNDA:79,(anonymous_0)
FNDA:0,(anonymous_1)
FNDA:10,(anonymous_2)
FNDA:0,(anonymous_3)
FNDA:0,(anonymous_4)
FNDA:10,(anonymous_5)
FNDA:0,(anonymous_6)
FNDA:1,(anonymous_7)
FNDA:0,(anonymous_8)
FNDA:0,(anonymous_9)
FNDA:0,(anonymous_10)
DA:1,5
DA:2,5
DA:3,5
DA:4,5
DA:5,5
DA:7,5
DA:8,5
DA:9,5
DA:12,5
DA:13,5
DA:14,5
DA:15,5
DA:16,5
DA:19,5
DA:20,5
DA:21,5
DA:24,5
DA:25,79
DA:26,79
DA:29,5
DA:30,0
DA:36,5
DA:37,5
DA:39,5
DA:40,5
DA:41,5
DA:43,5
DA:44,10
DA:45,0
DA:47,0
DA:48,0
DA:50,10
DA:52,10
DA:53,0
DA:57,5
DA:58,1
DA:61,5
DA:62,0
DA:63,0
DA:66,0
DA:67,0
DA:70,0
DA:71,0
DA:75,5
DA:77,5
LF:45
LH:34
BRDA:8,0,0,5
BRDA:8,0,1,5
BRDA:44,1,0,0
BRDA:44,1,1,10
BRDA:61,2,0,0
BRDA:61,2,1,5
BRF:6
BRH:4
end_of_record
TN:
SF:controller\applicationController.js
FN:7,(anonymous_0)
FN:28,(anonymous_1)
FN:31,(anonymous_2)
FN:38,(anonymous_3)
FN:60,(anonymous_4)
FN:108,(anonymous_5)
FNF:6
FNH:4
FNDA:3,(anonymous_0)
FNDA:0,(anonymous_1)
FNDA:0,(anonymous_2)
FNDA:3,(anonymous_3)
FNDA:3,(anonymous_4)
FNDA:3,(anonymous_5)
DA:1,5
DA:2,5
DA:3,5
DA:4,5
DA:5,5
DA:7,5
DA:8,3
DA:9,3
DA:10,3
DA:11,3
DA:12,2
DA:15,1
DA:16,1
DA:17,1
DA:18,1
DA:20,1
DA:21,1
DA:22,1
DA:24,2
DA:28,5
DA:29,0
DA:30,0
DA:31,0
DA:32,0
DA:34,0
DA:38,5
DA:39,3
DA:40,3
DA:42,3
DA:43,1
DA:46,3
DA:47,3
DA:53,2
DA:55,1
DA:56,1
DA:60,5
DA:61,3
DA:62,3
DA:63,3
DA:64,3
DA:66,2
DA:70,2
DA:98,1
DA:101,1
DA:103,1
DA:104,1
DA:108,5
DA:109,3
DA:110,3
DA:111,3
DA:115,2
DA:116,1
DA:118,1
DA:120,1
DA:121,1
DA:127,5
LF:56
LH:51
BRDA:11,0,0,2
BRDA:11,0,1,1
BRDA:39,1,0,0
BRDA:42,2,0,1
BRDA:42,2,1,2
BRDA:70,3,0,1
BRDA:70,3,1,1
BRDA:115,4,0,1
BRDA:115,4,1,1
BRF:9
BRH:8
end_of_record
TN:
SF:controller\dashboardController.js
FN:5,(anonymous_0)
FN:36,(anonymous_1)
FN:66,(anonymous_2)
FN:99,(anonymous_3)
FN:128,(anonymous_4)
FN:137,(anonymous_5)
FNF:6
FNH:6
FNDA:2,(anonymous_0)
FNDA:3,(anonymous_1)
FNDA:3,(anonymous_2)
FNDA:3,(anonymous_3)
FNDA:2,(anonymous_4)
FNDA:7,(anonymous_5)
DA:1,5
DA:2,5
DA:3,5
DA:5,5
DA:6,2
DA:7,2
DA:8,2
DA:10,2
DA:11,1
DA:14,1
DA:15,0
DA:18,1
DA:19,0
DA:20,1
DA:21,1
DA:23,0
DA:26,1
DA:27,1
DA:28,1
DA:32,0
DA:36,5
DA:37,3
DA:38,3
DA:40,3
DA:44,1
DA:47,2
DA:55,2
DA:56,1
DA:58,1
DA:61,0
DA:62,0
DA:66,5
DA:67,3
DA:68,3
DA:70,3
DA:71,1
DA:76,2
DA:77,0
DA:78,2
DA:79,2
DA:81,0
DA:84,2
DA:88,2
DA:89,1
DA:91,1
DA:94,0
DA:95,0
DA:99,5
DA:100,3
DA:101,3
DA:103,3
DA:107,1
DA:110,2
DA:118,2
DA:119,1
DA:122,1
DA:124,0
DA:128,5
DA:129,2
DA:130,2
DA:132,2
DA:133,2
DA:134,0
DA:137,7
DA:158,2
DA:160,2
DA:161,1
DA:163,1
DA:167,5
LF:69
LH:57
BRDA:6,0,0,0
BRDA:10,1,0,1
BRDA:10,1,1,1
BRDA:14,2,0,0
BRDA:14,2,1,1
BRDA:18,3,0,0
BRDA:18,3,1,1
BRDA:20,4,0,1
BRDA:20,4,1,0
BRDA:28,5,0,1
BRDA:28,5,1,0
BRDA:40,6,0,1
BRDA:40,6,1,2
BRDA:41,7,0,3
BRDA:41,7,1,2
BRDA:55,8,0,1
BRDA:55,8,1,1
BRDA:70,9,0,1
BRDA:70,9,1,2
BRDA:76,10,0,0
BRDA:76,10,1,2
BRDA:78,11,0,2
BRDA:78,11,1,0
BRDA:88,12,0,1
BRDA:88,12,1,1
BRDA:103,13,0,1
BRDA:103,13,1,2
BRDA:104,14,0,3
BRDA:104,14,1,2
BRDA:118,15,0,1
BRDA:118,15,1,1
BRDA:133,16,0,0
BRDA:133,16,1,2
BRDA:150,17,0,7
BRDA:150,17,1,0
BRDA:154,18,0,7
BRDA:154,18,1,7
BRDA:155,19,0,7
BRDA:155,19,1,7
BRDA:160,20,0,1
BRDA:160,20,1,1
BRF:41
BRH:32
end_of_record
TN:
SF:controller\matchController.js
FN:43,run
FN:71,(anonymous_1)
FNF:2
FNH:2
FNDA:2,run
FNDA:3,(anonymous_1)
DA:5,5
DA:6,5
DA:7,5
DA:9,5
DA:10,5
DA:12,5
DA:18,5
DA:44,2
DA:66,2
DA:67,2
DA:68,2
DA:71,5
DA:72,3
DA:73,3
DA:75,3
DA:76,1
DA:79,2
DA:81,2
DA:82,2
DA:83,2
DA:84,0
DA:87,2
DA:94,2
DA:95,2
DA:96,2
DA:97,2
DA:98,2
DA:100,0
DA:101,0
DA:105,5
LF:30
LH:27
BRDA:75,0,0,1
BRDA:75,0,1,2
BRDA:83,1,0,0
BRDA:83,1,1,2
BRF:4
BRH:3
end_of_record
TN:
SF:controller\scraper.js
FN:4,(anonymous_0)
FN:15,(anonymous_1)
FN:19,(anonymous_2)
FNF:3
FNH:1
FNDA:2,(anonymous_0)
FNDA:0,(anonymous_1)
FNDA:0,(anonymous_2)
DA:1,6
DA:2,6
DA:4,6
DA:5,2
DA:10,1
DA:11,1
DA:15,1
DA:16,0
DA:17,0
DA:19,0
DA:20,0
DA:23,0
DA:26,0
DA:27,0
DA:28,0
DA:29,0
DA:30,0
DA:38,0
DA:41,0
DA:44,1
DA:46,1
DA:48,1
DA:51,6
LF:23
LH:11
BRF:0
BRH:0
end_of_record
TN:
SF:controller\userController.js
FN:5,(anonymous_0)
FN:31,(anonymous_1)
FN:73,(anonymous_2)
FN:89,(anonymous_3)
FN:132,(anonymous_4)
FN:157,(anonymous_5)
FN:191,(anonymous_6)
FNF:7
FNH:7
FNDA:21,(anonymous_0)
FNDA:5,(anonymous_1)
FNDA:2,(anonymous_2)
FNDA:2,(anonymous_3)
FNDA:3,(anonymous_4)
FNDA:2,(anonymous_5)
FNDA:4,(anonymous_6)
DA:1,5
DA:2,5
DA:3,5
DA:5,5
DA:6,21
DA:8,21
DA:9,21
DA:10,21
DA:11,0
DA:14,21
DA:15,21
DA:16,21
DA:17,21
DA:19,21
DA:20,21
DA:22,21
DA:24,0
DA:25,0
DA:31,5
DA:32,5
DA:34,5
DA:35,0
DA:38,5
DA:39,0
DA:42,5
DA:43,5
DA:45,5
DA:46,1
DA:49,5
DA:51,5
DA:52,1
DA:53,1
DA:56,4
DA:58,4
DA:59,3
DA:60,3
DA:62,3
DA:63,3
DA:65,1
DA:68,0
DA:69,0
DA:73,5
DA:74,2
DA:75,2
DA:76,2
DA:77,1
DA:79,1
DA:80,1
DA:81,0
DA:83,1
DA:85,0
DA:89,5
DA:90,2
DA:91,2
DA:93,2
DA:94,2
DA:95,2
DA:97,2
DA:98,0
DA:99,0
DA:102,2
DA:103,0
DA:106,2
DA:108,2
DA:110,2
DA:111,1
DA:115,1
DA:119,1
DA:120,0
DA:123,1
DA:125,1
DA:127,0
DA:128,0
DA:132,5
DA:133,3
DA:134,3
DA:136,3
DA:137,1
DA:140,2
DA:142,2
DA:150,2
DA:152,0
DA:153,0
DA:157,5
DA:158,2
DA:160,2
DA:162,2
DA:166,2
DA:167,0
DA:169,2
DA:170,2
DA:172,2
DA:173,1
DA:174,1
DA:175,1
DA:177,1
DA:178,1
DA:179,1
DA:182,1
DA:186,0
DA:187,0
DA:191,5
DA:192,4
DA:194,4
DA:196,4
DA:200,4
DA:201,1
DA:204,3
DA:206,3
DA:207,1
DA:210,1
DA:213,2
DA:217,0
DA:218,0
DA:222,5
LF:115
LH:93
BRDA:10,0,0,0
BRDA:10,0,1,21
BRDA:34,1,0,0
BRDA:34,1,1,5
BRDA:38,2,0,0
BRDA:38,2,1,5
BRDA:45,3,0,1
BRDA:45,3,1,4
BRDA:51,4,0,1
BRDA:51,4,1,4
BRDA:58,5,0,3
BRDA:58,5,1,1
BRDA:76,6,0,1
BRDA:76,6,1,1
BRDA:80,7,0,0
BRDA:80,7,1,1
BRDA:97,8,0,0
BRDA:97,8,1,2
BRDA:102,9,0,0
BRDA:102,9,1,2
BRDA:110,10,0,1
BRDA:110,10,1,1
BRDA:115,11,0,0
BRDA:115,11,1,1
BRDA:119,12,0,0
BRDA:119,12,1,1
BRDA:136,13,0,1
BRDA:136,13,1,2
BRDA:136,14,0,3
BRDA:136,14,1,2
BRDA:142,15,0,0
BRDA:142,15,1,2
BRDA:162,16,0,0
BRDA:162,16,1,2
BRDA:166,17,0,0
BRDA:166,17,1,2
BRDA:172,18,0,1
BRDA:172,18,1,1
BRDA:196,19,0,0
BRDA:196,19,1,4
BRDA:200,20,0,1
BRDA:200,20,1,3
BRDA:206,21,0,1
BRDA:206,21,1,2
BRDA:207,22,0,0
BRDA:207,22,1,1
BRF:46
BRH:33
end_of_record
TN:
SF:middleware\auth.js
FN:11,(anonymous_0)
FN:51,(anonymous_1)
FN:84,(anonymous_2)
FNF:3
FNH:3
FNDA:3,(anonymous_0)
FNDA:27,(anonymous_1)
FNDA:10,(anonymous_2)
DA:1,5
DA:2,5
DA:3,5
DA:11,5
DA:12,3
DA:13,3
DA:14,0
DA:15,0
DA:18,3
DA:26,3
DA:35,3
DA:37,3
DA:41,0
DA:51,5
DA:52,27
DA:53,27
DA:56,27
DA:57,27
DA:58,24
DA:59,0
DA:62,3
DA:65,24
DA:66,24
DA:68,24
DA:69,0
DA:72,24
DA:73,0
DA:76,24
DA:77,24
DA:79,0
DA:80,0
DA:84,5
DA:85,10
DA:86,10
DA:87,10
DA:88,1
DA:91,0
DA:94,9
DA:97,5
LF:39
LH:30
BRDA:13,0,0,0
BRDA:13,0,1,3
BRDA:58,1,0,0
BRDA:58,1,1,24
BRDA:68,2,0,0
BRDA:68,2,1,24
BRDA:72,3,0,0
BRDA:72,3,1,24
BRDA:87,4,0,1
BRDA:87,4,1,9
BRDA:87,5,0,10
BRDA:87,5,1,9
BRDA:87,5,2,9
BRF:13
BRH:9
end_of_record
TN:
SF:models\application.js
FNF:0
FNH:0
DA:1,5
DA:3,5
DA:5,5
DA:69,5
DA:71,5
LF:5
LH:5
BRF:0
BRH:0
end_of_record
TN:
SF:models\dashboard.js
FN:62,(anonymous_0)
FN:72,(anonymous_1)
FNF:2
FNH:0
FNDA:0,(anonymous_0)
FNDA:0,(anonymous_1)
DA:1,5
DA:2,5
DA:3,5
DA:5,5
DA:7,5
DA:63,0
DA:73,0
DA:86,5
DA:88,5
LF:9
LH:7
BRF:0
BRH:0
end_of_record
TN:
SF:models\therapist.js
FN:17,(anonymous_0)
FN:23,(anonymous_1)
FNF:2
FNH:2
FNDA:23,(anonymous_0)
FNDA:23,(anonymous_1)
DA:1,5
DA:3,5
DA:5,5
DA:18,23
DA:24,23
DA:76,5
DA:78,5
LF:7
LH:7
BRF:0
BRH:0
end_of_record
TN:
SF:models\user.js
FNF:0
FNH:0
DA:1,5
DA:3,5
DA:5,5
DA:62,5
DA:64,5
LF:5
LH:5
BRF:0
BRH:0
end_of_record
TN:
SF:routes\admin.js
FNF:0
FNH:0
DA:6,5
DA:7,5
DA:8,5
DA:10,5
DA:12,5
DA:14,5
DA:16,5
DA:18,5
LF:8
LH:8
BRF:0
BRH:0
end_of_record
TN:
SF:routes\dashboard.js
FNF:0
FNH:0
DA:7,5
DA:8,5
DA:9,5
DA:11,5
DA:13,5
DA:15,5
DA:17,5
DA:19,5
DA:21,5
LF:9
LH:9
BRF:0
BRH:0
end_of_record
TN:
SF:routes\enrol.js
FNF:0
FNH:0
DA:1,5
DA:2,5
DA:3,5
DA:5,5
DA:7,5
LF:5
LH:5
BRF:0
BRH:0
end_of_record
TN:
SF:routes\matching.js
FNF:0
FNH:0
DA:1,5
DA:2,5
DA:3,5
DA:4,5
DA:6,5
DA:8,5
LF:6
LH:6
BRF:0
BRH:0
end_of_record
TN:
SF:routes\user.js
FN:41,(anonymous_0)
FN:54,(anonymous_1)
FN:75,(anonymous_2)
FN:90,(anonymous_3)
FN:103,(anonymous_4)
FNF:5
FNH:5
FNDA:25,(anonymous_0)
FNDA:5,(anonymous_1)
FNDA:4,(anonymous_2)
FNDA:4,(anonymous_3)
FNDA:6,(anonymous_4)
DA:1,5
DA:2,5
DA:11,5
DA:12,5
DA:13,5
DA:15,5
DA:21,5
DA:26,5
DA:32,5
DA:38,5
DA:42,25
DA:43,25
DA:44,4
DA:46,21
DA:51,5
DA:55,5
DA:56,5
DA:57,0
DA:58,0
DA:59,0
DA:60,0
DA:61,0
DA:62,0
DA:64,5
DA:70,5
DA:72,5
DA:76,4
DA:77,4
DA:78,2
DA:80,2
DA:85,5
DA:87,5
DA:91,4
DA:92,4
DA:93,2
DA:95,2
DA:100,5
DA:104,6
DA:105,6
DA:106,2
DA:108,4
DA:113,5
LF:42
LH:36
BRDA:43,0,0,4
BRDA:43,0,1,21
BRDA:56,1,0,0
BRDA:56,1,1,5
BRDA:77,2,0,2
BRDA:77,2,1,2
BRDA:92,3,0,2
BRDA:92,3,1,2
BRDA:105,4,0,2
BRDA:105,4,1,4
BRF:10
BRH:9
end_of_record
TN:
SF:utils\matchingAlgo.js
FN:11,calculateCorrelation
FN:16,(anonymous_1)
FN:45,assertObject
FN:69,(anonymous_3)
FN:95,matchObject
FN:142,(anonymous_5)
FN:145,(anonymous_6)
FNF:7
FNH:7
FNDA:21,calculateCorrelation
FNDA:83,(anonymous_1)
FNDA:2,assertObject
FNDA:5,(anonymous_3)
FNDA:5,matchObject
FNDA:60,(anonymous_5)
FNDA:7,(anonymous_6)
DA:1,5
DA:2,5
DA:12,21
DA:13,21
DA:14,21
DA:16,21
DA:17,83
DA:18,83
DA:20,83
DA:22,1
DA:23,1
DA:24,1
DA:25,1
DA:26,82
DA:28,42
DA:29,42
DA:33,83
DA:36,21
DA:46,2
DA:47,2
DA:49,2
DA:50,0
DA:53,2
DA:54,4
DA:55,0
DA:57,4
DA:58,0
DA:59,0
DA:61,4
DA:62,1
DA:66,1
DA:69,5
DA:70,5
DA:71,5
DA:72,5
DA:74,0
DA:75,0
DA:96,5
DA:98,5
DA:106,5
DA:107,20
DA:108,0
DA:112,5
DA:114,5
DA:115,20
DA:116,20
DA:141,5
DA:142,60
DA:145,7
DA:147,5
DA:152,5
DA:155,5
LF:52
LH:45
BRDA:20,0,0,1
BRDA:20,0,1,82
BRDA:20,1,0,83
BRDA:20,1,1,1
BRDA:26,2,0,42
BRDA:26,2,1,40
BRDA:26,3,0,82
BRDA:26,3,1,82
BRDA:36,4,0,21
BRDA:36,4,1,0
BRDA:49,5,0,0
BRDA:49,5,1,2
BRDA:54,6,0,0
BRDA:54,6,1,4
BRDA:57,7,0,0
BRDA:57,7,1,4
BRDA:57,8,0,4
BRDA:57,8,1,0
BRDA:58,9,0,0
BRDA:58,9,1,0
BRDA:61,10,0,1
BRDA:61,10,1,3
BRDA:107,11,0,0
BRDA:107,11,1,20
BRDA:107,12,0,20
BRDA:107,12,1,20
BRF:26
BRH:18
end_of_record
